0 info it worked if it ends with ok
1 verbose cli [ '/usr/local/bin/node', '/usr/local/bin/npm', 'install' ]
2 info using npm@3.3.12
3 info using node@v5.5.0
4 silly loadCurrentTree Starting
5 silly install loadCurrentTree
6 silly install readLocalPackageData
7 silly install normalizeTree
8 silly loadCurrentTree Finishing
9 silly loadIdealTree Starting
10 silly install loadIdealTree
11 silly cloneCurrentTree Starting
12 silly install cloneCurrentTreeToIdealTree
13 silly cloneCurrentTree Finishing
14 silly loadShrinkwrap Starting
15 silly install loadShrinkwrap
16 silly loadShrinkwrap Finishing
17 silly loadAllDepsIntoIdealTree Starting
18 silly install loadAllDepsIntoIdealTree
19 silly fetchNamedPackageData angular-ui-bootstrap
20 silly mapToRegistry name angular-ui-bootstrap
21 silly mapToRegistry using default registry
22 silly mapToRegistry registry https://registry.npmjs.org/
23 silly mapToRegistry uri https://registry.npmjs.org/angular-ui-bootstrap
24 silly fetchNamedPackageData jquery
25 silly mapToRegistry name jquery
26 silly mapToRegistry using default registry
27 silly mapToRegistry registry https://registry.npmjs.org/
28 silly mapToRegistry uri https://registry.npmjs.org/jquery
29 verbose request uri https://registry.npmjs.org/angular-ui-bootstrap
30 verbose request no auth needed
31 info attempt registry request try #1 at 10:20:51 AM
32 verbose request id b19f6983c7ab11b2
33 http request GET https://registry.npmjs.org/angular-ui-bootstrap
34 verbose request uri https://registry.npmjs.org/jquery
35 verbose request no auth needed
36 info attempt registry request try #1 at 10:20:51 AM
37 http request GET https://registry.npmjs.org/jquery
38 http 200 https://registry.npmjs.org/angular-ui-bootstrap
39 verbose headers { server: 'CouchDB/1.5.0 (Erlang OTP/R16B03)',
39 verbose headers   etag: '"FQ0TXLO4FCV6QXV3IJIJ5RSG"',
39 verbose headers   'content-type': 'application/json',
39 verbose headers   'cache-control': 'max-age=300',
39 verbose headers   'content-length': '31038',
39 verbose headers   'accept-ranges': 'bytes',
39 verbose headers   date: 'Wed, 24 Feb 2016 18:20:51 GMT',
39 verbose headers   via: '1.1 varnish',
39 verbose headers   age: '181',
39 verbose headers   connection: 'keep-alive',
39 verbose headers   'x-served-by': 'cache-sjc3128-SJC',
39 verbose headers   'x-cache': 'HIT',
39 verbose headers   'x-cache-hits': '1',
39 verbose headers   'x-timer': 'S1456338051.881963,VS0,VE0',
39 verbose headers   vary: 'Accept' }
40 silly get cb [ 200,
40 silly get   { server: 'CouchDB/1.5.0 (Erlang OTP/R16B03)',
40 silly get     etag: '"FQ0TXLO4FCV6QXV3IJIJ5RSG"',
40 silly get     'content-type': 'application/json',
40 silly get     'cache-control': 'max-age=300',
40 silly get     'content-length': '31038',
40 silly get     'accept-ranges': 'bytes',
40 silly get     date: 'Wed, 24 Feb 2016 18:20:51 GMT',
40 silly get     via: '1.1 varnish',
40 silly get     age: '181',
40 silly get     connection: 'keep-alive',
40 silly get     'x-served-by': 'cache-sjc3128-SJC',
40 silly get     'x-cache': 'HIT',
40 silly get     'x-cache-hits': '1',
40 silly get     'x-timer': 'S1456338051.881963,VS0,VE0',
40 silly get     vary: 'Accept' } ]
41 verbose get saving angular-ui-bootstrap to /Users/eleanordemis/.npm/registry.npmjs.org/angular-ui-bootstrap/.cache.json
42 http 200 https://registry.npmjs.org/jquery
43 verbose headers { server: 'CouchDB/1.5.0 (Erlang OTP/R16B03)',
43 verbose headers   etag: '"3HYE4F37UGJ2YJ4KPLMMFU2MP"',
43 verbose headers   'content-type': 'application/json',
43 verbose headers   'cache-control': 'max-age=300',
43 verbose headers   'content-length': '57966',
43 verbose headers   'accept-ranges': 'bytes',
43 verbose headers   date: 'Wed, 24 Feb 2016 18:20:51 GMT',
43 verbose headers   via: '1.1 varnish',
43 verbose headers   age: '294',
43 verbose headers   connection: 'keep-alive',
43 verbose headers   'x-served-by': 'cache-sjc3125-SJC',
43 verbose headers   'x-cache': 'HIT',
43 verbose headers   'x-cache-hits': '4',
43 verbose headers   'x-timer': 'S1456338051.886036,VS0,VE0',
43 verbose headers   vary: 'Accept' }
44 silly get cb [ 200,
44 silly get   { server: 'CouchDB/1.5.0 (Erlang OTP/R16B03)',
44 silly get     etag: '"3HYE4F37UGJ2YJ4KPLMMFU2MP"',
44 silly get     'content-type': 'application/json',
44 silly get     'cache-control': 'max-age=300',
44 silly get     'content-length': '57966',
44 silly get     'accept-ranges': 'bytes',
44 silly get     date: 'Wed, 24 Feb 2016 18:20:51 GMT',
44 silly get     via: '1.1 varnish',
44 silly get     age: '294',
44 silly get     connection: 'keep-alive',
44 silly get     'x-served-by': 'cache-sjc3125-SJC',
44 silly get     'x-cache': 'HIT',
44 silly get     'x-cache-hits': '4',
44 silly get     'x-timer': 'S1456338051.886036,VS0,VE0',
44 silly get     vary: 'Accept' } ]
45 verbose get saving jquery to /Users/eleanordemis/.npm/registry.npmjs.org/jquery/.cache.json
46 silly resolveWithNewModule angular-ui-bootstrap@1.1.2 checking installable status
47 silly cache add args [ 'angular-ui-bootstrap@^1.1.2', null ]
48 verbose cache add spec angular-ui-bootstrap@^1.1.2
49 silly cache add parsed spec Result {
49 silly cache add   raw: 'angular-ui-bootstrap@^1.1.2',
49 silly cache add   scope: null,
49 silly cache add   name: 'angular-ui-bootstrap',
49 silly cache add   rawSpec: '^1.1.2',
49 silly cache add   spec: '>=1.1.2 <2.0.0',
49 silly cache add   type: 'range' }
50 silly addNamed angular-ui-bootstrap@>=1.1.2 <2.0.0
51 verbose addNamed ">=1.1.2 <2.0.0" is a valid semver range for angular-ui-bootstrap
52 silly addNameRange { name: 'angular-ui-bootstrap',
52 silly addNameRange   range: '>=1.1.2 <2.0.0',
52 silly addNameRange   hasData: false }
53 silly mapToRegistry name angular-ui-bootstrap
54 silly mapToRegistry using default registry
55 silly mapToRegistry registry https://registry.npmjs.org/
56 silly mapToRegistry uri https://registry.npmjs.org/angular-ui-bootstrap
57 verbose addNameRange registry:https://registry.npmjs.org/angular-ui-bootstrap not in flight; fetching
58 silly resolveWithNewModule jquery@2.2.1 checking installable status
59 silly cache add args [ 'jquery@^2.2.0', null ]
60 verbose cache add spec jquery@^2.2.0
61 silly cache add parsed spec Result {
61 silly cache add   raw: 'jquery@^2.2.0',
61 silly cache add   scope: null,
61 silly cache add   name: 'jquery',
61 silly cache add   rawSpec: '^2.2.0',
61 silly cache add   spec: '>=2.2.0 <3.0.0',
61 silly cache add   type: 'range' }
62 silly addNamed jquery@>=2.2.0 <3.0.0
63 verbose addNamed ">=2.2.0 <3.0.0" is a valid semver range for jquery
64 silly addNameRange { name: 'jquery', range: '>=2.2.0 <3.0.0', hasData: false }
65 silly mapToRegistry name jquery
66 silly mapToRegistry using default registry
67 silly mapToRegistry registry https://registry.npmjs.org/
68 silly mapToRegistry uri https://registry.npmjs.org/jquery
69 verbose addNameRange registry:https://registry.npmjs.org/jquery not in flight; fetching
70 verbose get https://registry.npmjs.org/angular-ui-bootstrap not expired, no request
71 silly addNameRange number 2 { name: 'angular-ui-bootstrap',
71 silly addNameRange   range: '>=1.1.2 <2.0.0',
71 silly addNameRange   hasData: true }
72 silly addNameRange versions [ 'angular-ui-bootstrap',
72 silly addNameRange   [ '0.12.1',
72 silly addNameRange     '0.13.0',
72 silly addNameRange     '0.13.1',
72 silly addNameRange     '0.13.2',
72 silly addNameRange     '0.13.3',
72 silly addNameRange     '0.13.4',
72 silly addNameRange     '0.14.0',
72 silly addNameRange     '0.14.1',
72 silly addNameRange     '0.14.2',
72 silly addNameRange     '0.14.3',
72 silly addNameRange     '1.0.0',
72 silly addNameRange     '1.0.1',
72 silly addNameRange     '1.0.3',
72 silly addNameRange     '1.1.0',
72 silly addNameRange     '1.1.1',
72 silly addNameRange     '1.1.2' ] ]
73 silly addNamed angular-ui-bootstrap@1.1.2
74 verbose addNamed "1.1.2" is a plain semver version for angular-ui-bootstrap
75 verbose get https://registry.npmjs.org/jquery not expired, no request
76 silly addNameRange number 2 { name: 'jquery', range: '>=2.2.0 <3.0.0', hasData: true }
77 silly addNameRange versions [ 'jquery',
77 silly addNameRange   [ '1.5.1',
77 silly addNameRange     '1.6.2',
77 silly addNameRange     '1.6.3',
77 silly addNameRange     '1.7.2',
77 silly addNameRange     '1.7.3',
77 silly addNameRange     '1.8.2',
77 silly addNameRange     '1.8.3',
77 silly addNameRange     '2.1.0-beta2',
77 silly addNameRange     '2.1.0-beta3',
77 silly addNameRange     '1.11.0-beta3',
77 silly addNameRange     '1.11.0-rc1',
77 silly addNameRange     '2.1.0-rc1',
77 silly addNameRange     '1.11.0',
77 silly addNameRange     '2.1.0',
77 silly addNameRange     '2.1.1-beta1',
77 silly addNameRange     '1.11.1-beta1',
77 silly addNameRange     '2.1.1-rc1',
77 silly addNameRange     '1.11.1-rc1',
77 silly addNameRange     '2.1.1-rc2',
77 silly addNameRange     '1.11.1-rc2',
77 silly addNameRange     '2.1.1',
77 silly addNameRange     '1.11.1',
77 silly addNameRange     '1.9.1',
77 silly addNameRange     '2.1.2',
77 silly addNameRange     '1.11.2',
77 silly addNameRange     '2.1.3',
77 silly addNameRange     '2.1.4',
77 silly addNameRange     '1.11.3',
77 silly addNameRange     '3.0.0-alpha1',
77 silly addNameRange     '1.12.0',
77 silly addNameRange     '2.2.0',
77 silly addNameRange     '3.0.0-beta1',
77 silly addNameRange     '1.12.1',
77 silly addNameRange     '2.2.1' ] ]
78 silly addNamed jquery@2.2.1
79 verbose addNamed "2.2.1" is a plain semver version for jquery
80 silly mapToRegistry name angular-ui-bootstrap
81 silly mapToRegistry using default registry
82 silly mapToRegistry registry https://registry.npmjs.org/
83 silly mapToRegistry uri https://registry.npmjs.org/angular-ui-bootstrap
84 verbose addRemoteTarball https://registry.npmjs.org/angular-ui-bootstrap/-/angular-ui-bootstrap-1.1.2.tgz not in flight; adding
85 verbose addRemoteTarball [ 'https://registry.npmjs.org/angular-ui-bootstrap/-/angular-ui-bootstrap-1.1.2.tgz',
85 verbose addRemoteTarball   '5362d66b8b2e73526a312e398e6ac4e5fab3086f' ]
86 silly mapToRegistry name jquery
87 silly mapToRegistry using default registry
88 silly mapToRegistry registry https://registry.npmjs.org/
89 silly mapToRegistry uri https://registry.npmjs.org/jquery
90 verbose addRemoteTarball https://registry.npmjs.org/jquery/-/jquery-2.2.1.tgz not in flight; adding
91 verbose addRemoteTarball [ 'https://registry.npmjs.org/jquery/-/jquery-2.2.1.tgz',
91 verbose addRemoteTarball   '3c3e16854ad3d2ac44ac65021b17426d22ad803f' ]
92 info retry fetch attempt 1 at 10:20:51 AM
93 info attempt registry request try #1 at 10:20:51 AM
94 http fetch GET https://registry.npmjs.org/angular-ui-bootstrap/-/angular-ui-bootstrap-1.1.2.tgz
95 info retry fetch attempt 1 at 10:20:51 AM
96 info attempt registry request try #1 at 10:20:51 AM
97 http fetch GET https://registry.npmjs.org/jquery/-/jquery-2.2.1.tgz
98 http fetch 200 https://registry.npmjs.org/angular-ui-bootstrap/-/angular-ui-bootstrap-1.1.2.tgz
99 http fetch 200 https://registry.npmjs.org/jquery/-/jquery-2.2.1.tgz
100 silly fetchAndShaCheck shasum 5362d66b8b2e73526a312e398e6ac4e5fab3086f
101 verbose addTmpTarball /var/folders/sb/19vy8qrn2mq7vdxwnbs8whhr0000gn/T/npm-3147-0d13af9e/registry.npmjs.org/angular-ui-bootstrap/-/angular-ui-bootstrap-1.1.2.tgz not in flight; adding
102 verbose addTmpTarball already have metadata; skipping unpack for angular-ui-bootstrap@1.1.2
103 silly cache afterAdd angular-ui-bootstrap@1.1.2
104 verbose afterAdd /Users/eleanordemis/.npm/angular-ui-bootstrap/1.1.2/package/package.json not in flight; writing
105 verbose afterAdd /Users/eleanordemis/.npm/angular-ui-bootstrap/1.1.2/package/package.json written
106 silly fetchAndShaCheck shasum 3c3e16854ad3d2ac44ac65021b17426d22ad803f
107 verbose addTmpTarball /var/folders/sb/19vy8qrn2mq7vdxwnbs8whhr0000gn/T/npm-3147-0d13af9e/registry.npmjs.org/jquery/-/jquery-2.2.1.tgz not in flight; adding
108 verbose addTmpTarball already have metadata; skipping unpack for jquery@2.2.1
109 silly cache afterAdd jquery@2.2.1
110 verbose afterAdd /Users/eleanordemis/.npm/jquery/2.2.1/package/package.json not in flight; writing
111 verbose afterAdd /Users/eleanordemis/.npm/jquery/2.2.1/package/package.json written
112 silly loadAllDepsIntoIdealTree Finishing
113 silly idealTree:prePrune studymate@1.0.0
113 silly idealTree:prePrune ├── accepts@1.2.13
113 silly idealTree:prePrune ├── angular-ui-bootstrap@1.1.2
113 silly idealTree:prePrune ├── ansi-regex@2.0.0
113 silly idealTree:prePrune ├── ansi-styles@2.1.0
113 silly idealTree:prePrune ├── array-flatten@1.1.1
113 silly idealTree:prePrune ├── asn1@0.2.3
113 silly idealTree:prePrune ├── assert-plus@0.2.0
113 silly idealTree:prePrune ├── async@1.5.2
113 silly idealTree:prePrune ├── aws-sign2@0.6.0
113 silly idealTree:prePrune ├── aws4@1.2.1
113 silly idealTree:prePrune ├── babel-polyfill@6.5.0
113 silly idealTree:prePrune ├── babel-regenerator-runtime@6.5.0
113 silly idealTree:prePrune ├── babel-runtime@5.8.35
113 silly idealTree:prePrune ├── balanced-match@0.3.0
113 silly idealTree:prePrune ├── base64-url@1.2.1
113 silly idealTree:prePrune ├── basic-auth@1.0.3
113 silly idealTree:prePrune ├── bcrypt-nodejs@0.0.3
113 silly idealTree:prePrune ├── bignumber.js@2.1.4
113 silly idealTree:prePrune ├── bl@1.0.3
113 silly idealTree:prePrune ├── bluebird@3.3.1
113 silly idealTree:prePrune ├── body-parser@1.15.0
113 silly idealTree:prePrune ├─┬ bookshelf@0.9.2
113 silly idealTree:prePrune │ ├── bluebird@2.10.2
113 silly idealTree:prePrune │ └── lodash@3.10.1
113 silly idealTree:prePrune ├── boom@2.10.1
113 silly idealTree:prePrune ├── brace-expansion@1.1.3
113 silly idealTree:prePrune ├── bytes@2.2.0
113 silly idealTree:prePrune ├── caseless@0.11.0
113 silly idealTree:prePrune ├── chalk@1.1.1
113 silly idealTree:prePrune ├── combined-stream@1.0.5
113 silly idealTree:prePrune ├── commander@2.9.0
113 silly idealTree:prePrune ├── concat-map@0.0.1
113 silly idealTree:prePrune ├── concat-stream@1.5.1
113 silly idealTree:prePrune ├── content-disposition@0.5.1
113 silly idealTree:prePrune ├── content-type@1.0.1
113 silly idealTree:prePrune ├── cookie-signature@1.0.6
113 silly idealTree:prePrune ├── cookie@0.1.5
113 silly idealTree:prePrune ├── core-js@1.2.6
113 silly idealTree:prePrune ├── core-util-is@1.0.2
113 silly idealTree:prePrune ├── crc@3.4.0
113 silly idealTree:prePrune ├── create-error@0.3.1
113 silly idealTree:prePrune ├── cryptiles@2.0.5
113 silly idealTree:prePrune ├─┬ dashdash@1.13.0
113 silly idealTree:prePrune │ └── assert-plus@1.0.0
113 silly idealTree:prePrune ├── debug@2.2.0
113 silly idealTree:prePrune ├── delayed-stream@1.0.0
113 silly idealTree:prePrune ├── depd@1.1.0
113 silly idealTree:prePrune ├── destroy@1.0.4
113 silly idealTree:prePrune ├── dottie@1.1.1
113 silly idealTree:prePrune ├── double-ended-queue@2.1.0-0
113 silly idealTree:prePrune ├── ecc-jsbn@0.1.1
113 silly idealTree:prePrune ├── ee-first@1.1.1
113 silly idealTree:prePrune ├── escape-html@1.0.3
113 silly idealTree:prePrune ├── escape-string-regexp@1.0.4
113 silly idealTree:prePrune ├── etag@1.7.0
113 silly idealTree:prePrune ├─┬ express-session@1.13.0
113 silly idealTree:prePrune │ └── cookie@0.2.3
113 silly idealTree:prePrune ├─┬ express@4.13.4
113 silly idealTree:prePrune │ └── qs@4.0.0
113 silly idealTree:prePrune ├── extend@3.0.0
113 silly idealTree:prePrune ├── extsprintf@1.0.2
113 silly idealTree:prePrune ├── finalhandler@0.4.1
113 silly idealTree:prePrune ├── findup-sync@0.2.1
113 silly idealTree:prePrune ├── flagged-respawn@0.3.1
113 silly idealTree:prePrune ├── forever-agent@0.6.1
113 silly idealTree:prePrune ├── form-data@1.0.0-rc3
113 silly idealTree:prePrune ├── forwarded@0.1.0
113 silly idealTree:prePrune ├── fresh@0.3.0
113 silly idealTree:prePrune ├── generate-function@2.0.0
113 silly idealTree:prePrune ├── generate-object-property@1.2.0
113 silly idealTree:prePrune ├── generic-pool@2.4.0
113 silly idealTree:prePrune ├── glob@4.3.5
113 silly idealTree:prePrune ├── graceful-readlink@1.0.1
113 silly idealTree:prePrune ├── har-validator@2.0.6
113 silly idealTree:prePrune ├── has-ansi@2.0.0
113 silly idealTree:prePrune ├── hashmap@2.0.4
113 silly idealTree:prePrune ├── hawk@3.1.3
113 silly idealTree:prePrune ├── hoek@2.16.3
113 silly idealTree:prePrune ├── http-errors@1.4.0
113 silly idealTree:prePrune ├── http-signature@1.1.1
113 silly idealTree:prePrune ├── iconv-lite@0.4.13
113 silly idealTree:prePrune ├── inflection@1.8.0
113 silly idealTree:prePrune ├── inflight@1.0.4
113 silly idealTree:prePrune ├── inherits@2.0.1
113 silly idealTree:prePrune ├── interpret@0.6.6
113 silly idealTree:prePrune ├── ipaddr.js@1.0.5
113 silly idealTree:prePrune ├── is-my-json-valid@2.13.0
113 silly idealTree:prePrune ├── is-property@1.0.2
113 silly idealTree:prePrune ├── is-typedarray@1.0.0
113 silly idealTree:prePrune ├── isarray@0.0.1
113 silly idealTree:prePrune ├── isstream@0.1.2
113 silly idealTree:prePrune ├── jodid25519@1.0.2
113 silly idealTree:prePrune ├── jquery@2.2.1
113 silly idealTree:prePrune ├── jsbn@0.1.0
113 silly idealTree:prePrune ├── json-schema@0.2.2
113 silly idealTree:prePrune ├── json-stringify-safe@5.0.1
113 silly idealTree:prePrune ├── jsonpointer@2.0.0
113 silly idealTree:prePrune ├── jsprim@1.2.2
113 silly idealTree:prePrune ├── jwt-simple@0.4.1
113 silly idealTree:prePrune ├─┬ knex@0.10.0
113 silly idealTree:prePrune │ ├── bluebird@2.10.2
113 silly idealTree:prePrune │ ├── lodash@3.10.1
113 silly idealTree:prePrune │ └── readable-stream@1.1.13
113 silly idealTree:prePrune ├─┬ liftoff@2.0.3
113 silly idealTree:prePrune │ └── extend@2.0.1
113 silly idealTree:prePrune ├── lodash@4.5.0
113 silly idealTree:prePrune ├── lru-cache@2.7.3
113 silly idealTree:prePrune ├── media-typer@0.3.0
113 silly idealTree:prePrune ├── merge-descriptors@1.0.1
113 silly idealTree:prePrune ├── methods@1.1.2
113 silly idealTree:prePrune ├── mime-db@1.22.0
113 silly idealTree:prePrune ├── mime-types@2.1.10
113 silly idealTree:prePrune ├── mime@1.3.4
113 silly idealTree:prePrune ├── minimatch@2.0.10
113 silly idealTree:prePrune ├── minimist@1.1.3
113 silly idealTree:prePrune ├─┬ mkdirp@0.5.1
113 silly idealTree:prePrune │ └── minimist@0.0.8
113 silly idealTree:prePrune ├── moment-timezone@0.5.0
113 silly idealTree:prePrune ├── moment@2.11.2
113 silly idealTree:prePrune ├─┬ morgan@1.6.1
113 silly idealTree:prePrune │ └── depd@1.0.1
113 silly idealTree:prePrune ├── ms@0.7.1
113 silly idealTree:prePrune ├─┬ mysql@2.10.2
113 silly idealTree:prePrune │ └── readable-stream@1.1.13
113 silly idealTree:prePrune ├── nan@2.1.0
113 silly idealTree:prePrune ├── negotiator@0.5.3
113 silly idealTree:prePrune ├── node-uuid@1.4.7
113 silly idealTree:prePrune ├── oauth-sign@0.8.1
113 silly idealTree:prePrune ├── on-finished@2.3.0
113 silly idealTree:prePrune ├── on-headers@1.0.1
113 silly idealTree:prePrune ├── once@1.3.3
113 silly idealTree:prePrune ├── parseurl@1.3.1
113 silly idealTree:prePrune ├── passport-local@1.0.0
113 silly idealTree:prePrune ├── passport-strategy@1.0.0
113 silly idealTree:prePrune ├── passport@0.3.2
113 silly idealTree:prePrune ├── path-to-regexp@0.1.7
113 silly idealTree:prePrune ├── path@0.12.7
113 silly idealTree:prePrune ├── pause@0.0.1
113 silly idealTree:prePrune ├── pg-connection-string@0.1.3
113 silly idealTree:prePrune ├── pinkie-promise@2.0.0
113 silly idealTree:prePrune ├── pinkie@2.0.4
113 silly idealTree:prePrune ├── pool2@1.3.1
113 silly idealTree:prePrune ├── process-nextick-args@1.0.6
113 silly idealTree:prePrune ├── process@0.11.2
113 silly idealTree:prePrune ├── proxy-addr@1.0.10
113 silly idealTree:prePrune ├── q@1.4.1
113 silly idealTree:prePrune ├── qs@6.1.0
113 silly idealTree:prePrune ├── range-parser@1.0.3
113 silly idealTree:prePrune ├── raw-body@2.1.5
113 silly idealTree:prePrune ├── readable-stream@2.0.5
113 silly idealTree:prePrune ├─┬ request@2.69.0
113 silly idealTree:prePrune │ └── qs@6.0.2
113 silly idealTree:prePrune ├── resolve@1.1.7
113 silly idealTree:prePrune ├── retry-as-promised@2.0.1
113 silly idealTree:prePrune ├── semver@5.1.0
113 silly idealTree:prePrune ├─┬ send@0.13.1
113 silly idealTree:prePrune │ └── http-errors@1.3.1
113 silly idealTree:prePrune ├── sequelize@3.19.3
113 silly idealTree:prePrune ├── serve-static@1.10.2
113 silly idealTree:prePrune ├── shimmer@1.1.0
113 silly idealTree:prePrune ├── simple-backoff@1.0.0
113 silly idealTree:prePrune ├── sntp@1.0.9
113 silly idealTree:prePrune ├─┬ sqlite3@3.1.1
113 silly idealTree:prePrune │ └─┬ node-pre-gyp@0.6.14
113 silly idealTree:prePrune │   ├─┬ mkdirp@0.5.1
113 silly idealTree:prePrune │   │ └── minimist@0.0.8
113 silly idealTree:prePrune │   ├─┬ nopt@3.0.4
113 silly idealTree:prePrune │   │ └── abbrev@1.0.7
113 silly idealTree:prePrune │   ├─┬ npmlog@1.2.1
113 silly idealTree:prePrune │   │ ├── ansi@0.3.0
113 silly idealTree:prePrune │   │ ├─┬ are-we-there-yet@1.0.4
113 silly idealTree:prePrune │   │ │ ├── delegates@0.1.0
113 silly idealTree:prePrune │   │ │ └─┬ readable-stream@1.1.13
113 silly idealTree:prePrune │   │ │   ├── core-util-is@1.0.1
113 silly idealTree:prePrune │   │ │   ├── inherits@2.0.1
113 silly idealTree:prePrune │   │ │   ├── isarray@0.0.1
113 silly idealTree:prePrune │   │ │   └── string_decoder@0.10.31
113 silly idealTree:prePrune │   │ └─┬ gauge@1.2.2
113 silly idealTree:prePrune │   │   ├── has-unicode@1.0.0
113 silly idealTree:prePrune │   │   ├─┬ lodash.pad@3.1.1
113 silly idealTree:prePrune │   │   │ ├── lodash._basetostring@3.0.1
113 silly idealTree:prePrune │   │   │ └─┬ lodash._createpadding@3.6.1
113 silly idealTree:prePrune │   │   │   └── lodash.repeat@3.0.1
113 silly idealTree:prePrune │   │   ├─┬ lodash.padleft@3.1.1
113 silly idealTree:prePrune │   │   │ ├── lodash._basetostring@3.0.1
113 silly idealTree:prePrune │   │   │ └─┬ lodash._createpadding@3.6.1
113 silly idealTree:prePrune │   │   │   └── lodash.repeat@3.0.1
113 silly idealTree:prePrune │   │   └─┬ lodash.padright@3.1.1
113 silly idealTree:prePrune │   │     ├── lodash._basetostring@3.0.1
113 silly idealTree:prePrune │   │     └─┬ lodash._createpadding@3.6.1
113 silly idealTree:prePrune │   │       └── lodash.repeat@3.0.1
113 silly idealTree:prePrune │   ├─┬ rc@1.1.2
113 silly idealTree:prePrune │   │ ├── deep-extend@0.2.11
113 silly idealTree:prePrune │   │ ├── ini@1.3.4
113 silly idealTree:prePrune │   │ ├── minimist@1.2.0
113 silly idealTree:prePrune │   │ └── strip-json-comments@0.1.3
113 silly idealTree:prePrune │   ├─┬ request@2.64.0
113 silly idealTree:prePrune │   │ ├── aws-sign2@0.5.0
113 silly idealTree:prePrune │   │ ├─┬ bl@1.0.0
113 silly idealTree:prePrune │   │ │ └─┬ readable-stream@2.0.2
113 silly idealTree:prePrune │   │ │   ├── core-util-is@1.0.1
113 silly idealTree:prePrune │   │ │   ├── inherits@2.0.1
113 silly idealTree:prePrune │   │ │   ├── isarray@0.0.1
113 silly idealTree:prePrune │   │ │   ├── process-nextick-args@1.0.3
113 silly idealTree:prePrune │   │ │   ├── string_decoder@0.10.31
113 silly idealTree:prePrune │   │ │   └── util-deprecate@1.0.1
113 silly idealTree:prePrune │   │ ├── caseless@0.11.0
113 silly idealTree:prePrune │   │ ├─┬ combined-stream@1.0.5
113 silly idealTree:prePrune │   │ │ └── delayed-stream@1.0.0
113 silly idealTree:prePrune │   │ ├── extend@3.0.0
113 silly idealTree:prePrune │   │ ├── forever-agent@0.6.1
113 silly idealTree:prePrune │   │ ├─┬ form-data@1.0.0-rc3
113 silly idealTree:prePrune │   │ │ └── async@1.4.2
113 silly idealTree:prePrune │   │ ├─┬ har-validator@1.8.0
113 silly idealTree:prePrune │   │ │ ├── bluebird@2.10.2
113 silly idealTree:prePrune │   │ │ ├─┬ chalk@1.1.1
113 silly idealTree:prePrune │   │ │ │ ├── ansi-styles@2.1.0
113 silly idealTree:prePrune │   │ │ │ ├── escape-string-regexp@1.0.3
113 silly idealTree:prePrune │   │ │ │ ├─┬ has-ansi@2.0.0
113 silly idealTree:prePrune │   │ │ │ │ └── ansi-regex@2.0.0
113 silly idealTree:prePrune │   │ │ │ ├─┬ strip-ansi@3.0.0
113 silly idealTree:prePrune │   │ │ │ │ └── ansi-regex@2.0.0
113 silly idealTree:prePrune │   │ │ │ └── supports-color@2.0.0
113 silly idealTree:prePrune │   │ │ ├─┬ commander@2.8.1
113 silly idealTree:prePrune │   │ │ │ └── graceful-readlink@1.0.1
113 silly idealTree:prePrune │   │ │ └─┬ is-my-json-valid@2.12.2
113 silly idealTree:prePrune │   │ │   ├── generate-function@2.0.0
113 silly idealTree:prePrune │   │ │   ├─┬ generate-object-property@1.2.0
113 silly idealTree:prePrune │   │ │   │ └── is-property@1.0.2
113 silly idealTree:prePrune │   │ │   ├── jsonpointer@2.0.0
113 silly idealTree:prePrune │   │ │   └── xtend@4.0.0
113 silly idealTree:prePrune │   │ ├─┬ hawk@3.1.0
113 silly idealTree:prePrune │   │ │ ├── boom@2.9.0
113 silly idealTree:prePrune │   │ │ ├── cryptiles@2.0.5
113 silly idealTree:prePrune │   │ │ ├── hoek@2.16.3
113 silly idealTree:prePrune │   │ │ └── sntp@1.0.9
113 silly idealTree:prePrune │   │ ├─┬ http-signature@0.11.0
113 silly idealTree:prePrune │   │ │ ├── asn1@0.1.11
113 silly idealTree:prePrune │   │ │ ├── assert-plus@0.1.5
113 silly idealTree:prePrune │   │ │ └── ctype@0.5.3
113 silly idealTree:prePrune │   │ ├── isstream@0.1.2
113 silly idealTree:prePrune │   │ ├── json-stringify-safe@5.0.1
113 silly idealTree:prePrune │   │ ├─┬ mime-types@2.1.7
113 silly idealTree:prePrune │   │ │ └── mime-db@1.19.0
113 silly idealTree:prePrune │   │ ├── node-uuid@1.4.3
113 silly idealTree:prePrune │   │ ├── oauth-sign@0.8.0
113 silly idealTree:prePrune │   │ ├── qs@5.1.0
113 silly idealTree:prePrune │   │ ├── stringstream@0.0.4
113 silly idealTree:prePrune │   │ ├── tough-cookie@2.1.0
113 silly idealTree:prePrune │   │ └── tunnel-agent@0.4.1
113 silly idealTree:prePrune │   ├─┬ rimraf@2.4.3
113 silly idealTree:prePrune │   │ └─┬ glob@5.0.15
113 silly idealTree:prePrune │   │   ├─┬ inflight@1.0.4
113 silly idealTree:prePrune │   │   │ └── wrappy@1.0.1
113 silly idealTree:prePrune │   │   ├── inherits@2.0.1
113 silly idealTree:prePrune │   │   ├─┬ minimatch@3.0.0
113 silly idealTree:prePrune │   │   │ └─┬ brace-expansion@1.1.1
113 silly idealTree:prePrune │   │   │   ├── balanced-match@0.2.0
113 silly idealTree:prePrune │   │   │   └── concat-map@0.0.1
113 silly idealTree:prePrune │   │   ├─┬ once@1.3.2
113 silly idealTree:prePrune │   │   │ └── wrappy@1.0.1
113 silly idealTree:prePrune │   │   └── path-is-absolute@1.0.0
113 silly idealTree:prePrune │   ├── semver@5.0.3
113 silly idealTree:prePrune │   ├─┬ tar-pack@2.0.0
113 silly idealTree:prePrune │   │ ├── debug@0.7.4
113 silly idealTree:prePrune │   │ ├─┬ fstream-ignore@0.0.7
113 silly idealTree:prePrune │   │ │ ├── inherits@2.0.1
113 silly idealTree:prePrune │   │ │ └─┬ minimatch@0.2.14
113 silly idealTree:prePrune │   │ │   ├── lru-cache@2.7.0
113 silly idealTree:prePrune │   │ │   └── sigmund@1.0.1
113 silly idealTree:prePrune │   │ ├─┬ fstream@0.1.31
113 silly idealTree:prePrune │   │ │ ├── graceful-fs@3.0.8
113 silly idealTree:prePrune │   │ │ └── inherits@2.0.1
113 silly idealTree:prePrune │   │ ├── graceful-fs@1.2.3
113 silly idealTree:prePrune │   │ ├── once@1.1.1
113 silly idealTree:prePrune │   │ ├─┬ readable-stream@1.0.33
113 silly idealTree:prePrune │   │ │ ├── core-util-is@1.0.1
113 silly idealTree:prePrune │   │ │ ├── inherits@2.0.1
113 silly idealTree:prePrune │   │ │ ├── isarray@0.0.1
113 silly idealTree:prePrune │   │ │ └── string_decoder@0.10.31
113 silly idealTree:prePrune │   │ ├── rimraf@2.2.8
113 silly idealTree:prePrune │   │ ├─┬ tar@0.1.20
113 silly idealTree:prePrune │   │ │ ├── block-stream@0.0.8
113 silly idealTree:prePrune │   │ │ └── inherits@2.0.1
113 silly idealTree:prePrune │   │ └── uid-number@0.0.3
113 silly idealTree:prePrune │   └─┬ tar@2.2.1
113 silly idealTree:prePrune │     ├── block-stream@0.0.8
113 silly idealTree:prePrune │     ├─┬ fstream@1.0.8
113 silly idealTree:prePrune │     │ └── graceful-fs@4.1.2
113 silly idealTree:prePrune │     └── inherits@2.0.1
113 silly idealTree:prePrune ├── sshpk@1.7.4
113 silly idealTree:prePrune ├── statuses@1.2.1
113 silly idealTree:prePrune ├── string_decoder@0.10.31
113 silly idealTree:prePrune ├── stringstream@0.0.5
113 silly idealTree:prePrune ├── strip-ansi@3.0.0
113 silly idealTree:prePrune ├── supports-color@2.0.0
113 silly idealTree:prePrune ├── tildify@1.0.0
113 silly idealTree:prePrune ├── toposort-class@1.0.1
113 silly idealTree:prePrune ├── tough-cookie@2.2.1
113 silly idealTree:prePrune ├── tunnel-agent@0.4.2
113 silly idealTree:prePrune ├── tweetnacl@0.13.3
113 silly idealTree:prePrune ├── type-is@1.6.11
113 silly idealTree:prePrune ├── typedarray@0.0.6
113 silly idealTree:prePrune ├── uid-safe@2.0.0
113 silly idealTree:prePrune ├── unpipe@1.0.0
113 silly idealTree:prePrune ├── user-home@1.1.1
113 silly idealTree:prePrune ├── util-deprecate@1.0.2
113 silly idealTree:prePrune ├── util@0.10.3
113 silly idealTree:prePrune ├── utils-merge@1.0.0
113 silly idealTree:prePrune ├── v8flags@2.0.11
113 silly idealTree:prePrune ├── validator@4.9.0
113 silly idealTree:prePrune ├── vary@1.0.1
113 silly idealTree:prePrune ├── verror@1.3.6
113 silly idealTree:prePrune ├── wellknown@0.4.1
113 silly idealTree:prePrune ├── wkx@0.2.0
113 silly idealTree:prePrune ├── wrappy@1.0.1
113 silly idealTree:prePrune └── xtend@4.0.1
114 silly loadIdealTree Finishing
115 silly currentTree studymate@1.0.0
115 silly currentTree ├── accepts@1.2.13
115 silly currentTree ├── ansi-regex@2.0.0
115 silly currentTree ├── ansi-styles@2.1.0
115 silly currentTree ├── array-flatten@1.1.1
115 silly currentTree ├── asn1@0.2.3
115 silly currentTree ├── assert-plus@0.2.0
115 silly currentTree ├── async@1.5.2
115 silly currentTree ├── aws-sign2@0.6.0
115 silly currentTree ├── aws4@1.2.1
115 silly currentTree ├── babel-polyfill@6.5.0
115 silly currentTree ├── babel-regenerator-runtime@6.5.0
115 silly currentTree ├── babel-runtime@5.8.35
115 silly currentTree ├── balanced-match@0.3.0
115 silly currentTree ├── base64-url@1.2.1
115 silly currentTree ├── basic-auth@1.0.3
115 silly currentTree ├── bcrypt-nodejs@0.0.3
115 silly currentTree ├── bignumber.js@2.1.4
115 silly currentTree ├── bl@1.0.3
115 silly currentTree ├── bluebird@3.3.1
115 silly currentTree ├── body-parser@1.15.0
115 silly currentTree ├─┬ bookshelf@0.9.2
115 silly currentTree │ ├── bluebird@2.10.2
115 silly currentTree │ └── lodash@3.10.1
115 silly currentTree ├── boom@2.10.1
115 silly currentTree ├── brace-expansion@1.1.3
115 silly currentTree ├── bytes@2.2.0
115 silly currentTree ├── caseless@0.11.0
115 silly currentTree ├── chalk@1.1.1
115 silly currentTree ├── combined-stream@1.0.5
115 silly currentTree ├── commander@2.9.0
115 silly currentTree ├── concat-map@0.0.1
115 silly currentTree ├── concat-stream@1.5.1
115 silly currentTree ├── content-disposition@0.5.1
115 silly currentTree ├── content-type@1.0.1
115 silly currentTree ├── cookie-signature@1.0.6
115 silly currentTree ├── cookie@0.1.5
115 silly currentTree ├── core-js@1.2.6
115 silly currentTree ├── core-util-is@1.0.2
115 silly currentTree ├── crc@3.4.0
115 silly currentTree ├── create-error@0.3.1
115 silly currentTree ├── cryptiles@2.0.5
115 silly currentTree ├─┬ dashdash@1.13.0
115 silly currentTree │ └── assert-plus@1.0.0
115 silly currentTree ├── debug@2.2.0
115 silly currentTree ├── delayed-stream@1.0.0
115 silly currentTree ├── depd@1.1.0
115 silly currentTree ├── destroy@1.0.4
115 silly currentTree ├── dottie@1.1.1
115 silly currentTree ├── double-ended-queue@2.1.0-0
115 silly currentTree ├── ecc-jsbn@0.1.1
115 silly currentTree ├── ee-first@1.1.1
115 silly currentTree ├── escape-html@1.0.3
115 silly currentTree ├── escape-string-regexp@1.0.4
115 silly currentTree ├── etag@1.7.0
115 silly currentTree ├─┬ express-session@1.13.0
115 silly currentTree │ └── cookie@0.2.3
115 silly currentTree ├─┬ express@4.13.4
115 silly currentTree │ └── qs@4.0.0
115 silly currentTree ├── extend@3.0.0
115 silly currentTree ├── extsprintf@1.0.2
115 silly currentTree ├── finalhandler@0.4.1
115 silly currentTree ├── findup-sync@0.2.1
115 silly currentTree ├── flagged-respawn@0.3.1
115 silly currentTree ├── forever-agent@0.6.1
115 silly currentTree ├── form-data@1.0.0-rc3
115 silly currentTree ├── forwarded@0.1.0
115 silly currentTree ├── fresh@0.3.0
115 silly currentTree ├── generate-function@2.0.0
115 silly currentTree ├── generate-object-property@1.2.0
115 silly currentTree ├── generic-pool@2.4.0
115 silly currentTree ├── glob@4.3.5
115 silly currentTree ├── graceful-readlink@1.0.1
115 silly currentTree ├── har-validator@2.0.6
115 silly currentTree ├── has-ansi@2.0.0
115 silly currentTree ├── hashmap@2.0.4
115 silly currentTree ├── hawk@3.1.3
115 silly currentTree ├── hoek@2.16.3
115 silly currentTree ├── http-errors@1.4.0
115 silly currentTree ├── http-signature@1.1.1
115 silly currentTree ├── iconv-lite@0.4.13
115 silly currentTree ├── inflection@1.8.0
115 silly currentTree ├── inflight@1.0.4
115 silly currentTree ├── inherits@2.0.1
115 silly currentTree ├── interpret@0.6.6
115 silly currentTree ├── ipaddr.js@1.0.5
115 silly currentTree ├── is-my-json-valid@2.13.0
115 silly currentTree ├── is-property@1.0.2
115 silly currentTree ├── is-typedarray@1.0.0
115 silly currentTree ├── isarray@0.0.1
115 silly currentTree ├── isstream@0.1.2
115 silly currentTree ├── jodid25519@1.0.2
115 silly currentTree ├── jsbn@0.1.0
115 silly currentTree ├── json-schema@0.2.2
115 silly currentTree ├── json-stringify-safe@5.0.1
115 silly currentTree ├── jsonpointer@2.0.0
115 silly currentTree ├── jsprim@1.2.2
115 silly currentTree ├── jwt-simple@0.4.1
115 silly currentTree ├─┬ knex@0.10.0
115 silly currentTree │ ├── bluebird@2.10.2
115 silly currentTree │ ├── lodash@3.10.1
115 silly currentTree │ └── readable-stream@1.1.13
115 silly currentTree ├─┬ liftoff@2.0.3
115 silly currentTree │ └── extend@2.0.1
115 silly currentTree ├── lodash@4.5.0
115 silly currentTree ├── lru-cache@2.7.3
115 silly currentTree ├── media-typer@0.3.0
115 silly currentTree ├── merge-descriptors@1.0.1
115 silly currentTree ├── methods@1.1.2
115 silly currentTree ├── mime-db@1.22.0
115 silly currentTree ├── mime-types@2.1.10
115 silly currentTree ├── mime@1.3.4
115 silly currentTree ├── minimatch@2.0.10
115 silly currentTree ├── minimist@1.1.3
115 silly currentTree ├─┬ mkdirp@0.5.1
115 silly currentTree │ └── minimist@0.0.8
115 silly currentTree ├── moment-timezone@0.5.0
115 silly currentTree ├── moment@2.11.2
115 silly currentTree ├─┬ morgan@1.6.1
115 silly currentTree │ └── depd@1.0.1
115 silly currentTree ├── ms@0.7.1
115 silly currentTree ├─┬ mysql@2.10.2
115 silly currentTree │ └── readable-stream@1.1.13
115 silly currentTree ├── nan@2.1.0
115 silly currentTree ├── negotiator@0.5.3
115 silly currentTree ├── node-uuid@1.4.7
115 silly currentTree ├── oauth-sign@0.8.1
115 silly currentTree ├── on-finished@2.3.0
115 silly currentTree ├── on-headers@1.0.1
115 silly currentTree ├── once@1.3.3
115 silly currentTree ├── parseurl@1.3.1
115 silly currentTree ├── passport-local@1.0.0
115 silly currentTree ├── passport-strategy@1.0.0
115 silly currentTree ├── passport@0.3.2
115 silly currentTree ├── path-to-regexp@0.1.7
115 silly currentTree ├── path@0.12.7
115 silly currentTree ├── pause@0.0.1
115 silly currentTree ├── pg-connection-string@0.1.3
115 silly currentTree ├── pinkie-promise@2.0.0
115 silly currentTree ├── pinkie@2.0.4
115 silly currentTree ├── pool2@1.3.1
115 silly currentTree ├── process-nextick-args@1.0.6
115 silly currentTree ├── process@0.11.2
115 silly currentTree ├── proxy-addr@1.0.10
115 silly currentTree ├── q@1.4.1
115 silly currentTree ├── qs@6.1.0
115 silly currentTree ├── range-parser@1.0.3
115 silly currentTree ├── raw-body@2.1.5
115 silly currentTree ├── readable-stream@2.0.5
115 silly currentTree ├─┬ request@2.69.0
115 silly currentTree │ └── qs@6.0.2
115 silly currentTree ├── resolve@1.1.7
115 silly currentTree ├── retry-as-promised@2.0.1
115 silly currentTree ├── semver@5.1.0
115 silly currentTree ├─┬ send@0.13.1
115 silly currentTree │ └── http-errors@1.3.1
115 silly currentTree ├── sequelize@3.19.3
115 silly currentTree ├── serve-static@1.10.2
115 silly currentTree ├── shimmer@1.1.0
115 silly currentTree ├── simple-backoff@1.0.0
115 silly currentTree ├── sntp@1.0.9
115 silly currentTree ├─┬ sqlite3@3.1.1
115 silly currentTree │ └─┬ node-pre-gyp@0.6.14
115 silly currentTree │   ├─┬ mkdirp@0.5.1
115 silly currentTree │   │ └── minimist@0.0.8
115 silly currentTree │   ├─┬ nopt@3.0.4
115 silly currentTree │   │ └── abbrev@1.0.7
115 silly currentTree │   ├─┬ npmlog@1.2.1
115 silly currentTree │   │ ├── ansi@0.3.0
115 silly currentTree │   │ ├─┬ are-we-there-yet@1.0.4
115 silly currentTree │   │ │ ├── delegates@0.1.0
115 silly currentTree │   │ │ └─┬ readable-stream@1.1.13
115 silly currentTree │   │ │   ├── core-util-is@1.0.1
115 silly currentTree │   │ │   ├── inherits@2.0.1
115 silly currentTree │   │ │   ├── isarray@0.0.1
115 silly currentTree │   │ │   └── string_decoder@0.10.31
115 silly currentTree │   │ └─┬ gauge@1.2.2
115 silly currentTree │   │   ├── has-unicode@1.0.0
115 silly currentTree │   │   ├─┬ lodash.pad@3.1.1
115 silly currentTree │   │   │ ├── lodash._basetostring@3.0.1
115 silly currentTree │   │   │ └─┬ lodash._createpadding@3.6.1
115 silly currentTree │   │   │   └── lodash.repeat@3.0.1
115 silly currentTree │   │   ├─┬ lodash.padleft@3.1.1
115 silly currentTree │   │   │ ├── lodash._basetostring@3.0.1
115 silly currentTree │   │   │ └─┬ lodash._createpadding@3.6.1
115 silly currentTree │   │   │   └── lodash.repeat@3.0.1
115 silly currentTree │   │   └─┬ lodash.padright@3.1.1
115 silly currentTree │   │     ├── lodash._basetostring@3.0.1
115 silly currentTree │   │     └─┬ lodash._createpadding@3.6.1
115 silly currentTree │   │       └── lodash.repeat@3.0.1
115 silly currentTree │   ├─┬ rc@1.1.2
115 silly currentTree │   │ ├── deep-extend@0.2.11
115 silly currentTree │   │ ├── ini@1.3.4
115 silly currentTree │   │ ├── minimist@1.2.0
115 silly currentTree │   │ └── strip-json-comments@0.1.3
115 silly currentTree │   ├─┬ request@2.64.0
115 silly currentTree │   │ ├── aws-sign2@0.5.0
115 silly currentTree │   │ ├─┬ bl@1.0.0
115 silly currentTree │   │ │ └─┬ readable-stream@2.0.2
115 silly currentTree │   │ │   ├── core-util-is@1.0.1
115 silly currentTree │   │ │   ├── inherits@2.0.1
115 silly currentTree │   │ │   ├── isarray@0.0.1
115 silly currentTree │   │ │   ├── process-nextick-args@1.0.3
115 silly currentTree │   │ │   ├── string_decoder@0.10.31
115 silly currentTree │   │ │   └── util-deprecate@1.0.1
115 silly currentTree │   │ ├── caseless@0.11.0
115 silly currentTree │   │ ├─┬ combined-stream@1.0.5
115 silly currentTree │   │ │ └── delayed-stream@1.0.0
115 silly currentTree │   │ ├── extend@3.0.0
115 silly currentTree │   │ ├── forever-agent@0.6.1
115 silly currentTree │   │ ├─┬ form-data@1.0.0-rc3
115 silly currentTree │   │ │ └── async@1.4.2
115 silly currentTree │   │ ├─┬ har-validator@1.8.0
115 silly currentTree │   │ │ ├── bluebird@2.10.2
115 silly currentTree │   │ │ ├─┬ chalk@1.1.1
115 silly currentTree │   │ │ │ ├── ansi-styles@2.1.0
115 silly currentTree │   │ │ │ ├── escape-string-regexp@1.0.3
115 silly currentTree │   │ │ │ ├─┬ has-ansi@2.0.0
115 silly currentTree │   │ │ │ │ └── ansi-regex@2.0.0
115 silly currentTree │   │ │ │ ├─┬ strip-ansi@3.0.0
115 silly currentTree │   │ │ │ │ └── ansi-regex@2.0.0
115 silly currentTree │   │ │ │ └── supports-color@2.0.0
115 silly currentTree │   │ │ ├─┬ commander@2.8.1
115 silly currentTree │   │ │ │ └── graceful-readlink@1.0.1
115 silly currentTree │   │ │ └─┬ is-my-json-valid@2.12.2
115 silly currentTree │   │ │   ├── generate-function@2.0.0
115 silly currentTree │   │ │   ├─┬ generate-object-property@1.2.0
115 silly currentTree │   │ │   │ └── is-property@1.0.2
115 silly currentTree │   │ │   ├── jsonpointer@2.0.0
115 silly currentTree │   │ │   └── xtend@4.0.0
115 silly currentTree │   │ ├─┬ hawk@3.1.0
115 silly currentTree │   │ │ ├── boom@2.9.0
115 silly currentTree │   │ │ ├── cryptiles@2.0.5
115 silly currentTree │   │ │ ├── hoek@2.16.3
115 silly currentTree │   │ │ └── sntp@1.0.9
115 silly currentTree │   │ ├─┬ http-signature@0.11.0
115 silly currentTree │   │ │ ├── asn1@0.1.11
115 silly currentTree │   │ │ ├── assert-plus@0.1.5
115 silly currentTree │   │ │ └── ctype@0.5.3
115 silly currentTree │   │ ├── isstream@0.1.2
115 silly currentTree │   │ ├── json-stringify-safe@5.0.1
115 silly currentTree │   │ ├─┬ mime-types@2.1.7
115 silly currentTree │   │ │ └── mime-db@1.19.0
115 silly currentTree │   │ ├── node-uuid@1.4.3
115 silly currentTree │   │ ├── oauth-sign@0.8.0
115 silly currentTree │   │ ├── qs@5.1.0
115 silly currentTree │   │ ├── stringstream@0.0.4
115 silly currentTree │   │ ├── tough-cookie@2.1.0
115 silly currentTree │   │ └── tunnel-agent@0.4.1
115 silly currentTree │   ├─┬ rimraf@2.4.3
115 silly currentTree │   │ └─┬ glob@5.0.15
115 silly currentTree │   │   ├─┬ inflight@1.0.4
115 silly currentTree │   │   │ └── wrappy@1.0.1
115 silly currentTree │   │   ├── inherits@2.0.1
115 silly currentTree │   │   ├─┬ minimatch@3.0.0
115 silly currentTree │   │   │ └─┬ brace-expansion@1.1.1
115 silly currentTree │   │   │   ├── balanced-match@0.2.0
115 silly currentTree │   │   │   └── concat-map@0.0.1
115 silly currentTree │   │   ├─┬ once@1.3.2
115 silly currentTree │   │   │ └── wrappy@1.0.1
115 silly currentTree │   │   └── path-is-absolute@1.0.0
115 silly currentTree │   ├── semver@5.0.3
115 silly currentTree │   ├─┬ tar-pack@2.0.0
115 silly currentTree │   │ ├── debug@0.7.4
115 silly currentTree │   │ ├─┬ fstream-ignore@0.0.7
115 silly currentTree │   │ │ ├── inherits@2.0.1
115 silly currentTree │   │ │ └─┬ minimatch@0.2.14
115 silly currentTree │   │ │   ├── lru-cache@2.7.0
115 silly currentTree │   │ │   └── sigmund@1.0.1
115 silly currentTree │   │ ├─┬ fstream@0.1.31
115 silly currentTree │   │ │ ├── graceful-fs@3.0.8
115 silly currentTree │   │ │ └── inherits@2.0.1
115 silly currentTree │   │ ├── graceful-fs@1.2.3
115 silly currentTree │   │ ├── once@1.1.1
115 silly currentTree │   │ ├─┬ readable-stream@1.0.33
115 silly currentTree │   │ │ ├── core-util-is@1.0.1
115 silly currentTree │   │ │ ├── inherits@2.0.1
115 silly currentTree │   │ │ ├── isarray@0.0.1
115 silly currentTree │   │ │ └── string_decoder@0.10.31
115 silly currentTree │   │ ├── rimraf@2.2.8
115 silly currentTree │   │ ├─┬ tar@0.1.20
115 silly currentTree │   │ │ ├── block-stream@0.0.8
115 silly currentTree │   │ │ └── inherits@2.0.1
115 silly currentTree │   │ └── uid-number@0.0.3
115 silly currentTree │   └─┬ tar@2.2.1
115 silly currentTree │     ├── block-stream@0.0.8
115 silly currentTree │     ├─┬ fstream@1.0.8
115 silly currentTree │     │ └── graceful-fs@4.1.2
115 silly currentTree │     └── inherits@2.0.1
115 silly currentTree ├── sshpk@1.7.4
115 silly currentTree ├── statuses@1.2.1
115 silly currentTree ├── string_decoder@0.10.31
115 silly currentTree ├── stringstream@0.0.5
115 silly currentTree ├── strip-ansi@3.0.0
115 silly currentTree ├── supports-color@2.0.0
115 silly currentTree ├── tildify@1.0.0
115 silly currentTree ├── toposort-class@1.0.1
115 silly currentTree ├── tough-cookie@2.2.1
115 silly currentTree ├── tunnel-agent@0.4.2
115 silly currentTree ├── tweetnacl@0.13.3
115 silly currentTree ├── type-is@1.6.11
115 silly currentTree ├── typedarray@0.0.6
115 silly currentTree ├── uid-safe@2.0.0
115 silly currentTree ├── unpipe@1.0.0
115 silly currentTree ├── user-home@1.1.1
115 silly currentTree ├── util-deprecate@1.0.2
115 silly currentTree ├── util@0.10.3
115 silly currentTree ├── utils-merge@1.0.0
115 silly currentTree ├── v8flags@2.0.11
115 silly currentTree ├── validator@4.9.0
115 silly currentTree ├── vary@1.0.1
115 silly currentTree ├── verror@1.3.6
115 silly currentTree ├── wellknown@0.4.1
115 silly currentTree ├── wkx@0.2.0
115 silly currentTree ├── wrappy@1.0.1
115 silly currentTree └── xtend@4.0.1
116 silly idealTree studymate@1.0.0
116 silly idealTree ├── accepts@1.2.13
116 silly idealTree ├── angular-ui-bootstrap@1.1.2
116 silly idealTree ├── ansi-regex@2.0.0
116 silly idealTree ├── ansi-styles@2.1.0
116 silly idealTree ├── array-flatten@1.1.1
116 silly idealTree ├── asn1@0.2.3
116 silly idealTree ├── assert-plus@0.2.0
116 silly idealTree ├── async@1.5.2
116 silly idealTree ├── aws-sign2@0.6.0
116 silly idealTree ├── aws4@1.2.1
116 silly idealTree ├── babel-polyfill@6.5.0
116 silly idealTree ├── babel-regenerator-runtime@6.5.0
116 silly idealTree ├── babel-runtime@5.8.35
116 silly idealTree ├── balanced-match@0.3.0
116 silly idealTree ├── base64-url@1.2.1
116 silly idealTree ├── basic-auth@1.0.3
116 silly idealTree ├── bcrypt-nodejs@0.0.3
116 silly idealTree ├── bignumber.js@2.1.4
116 silly idealTree ├── bl@1.0.3
116 silly idealTree ├── bluebird@3.3.1
116 silly idealTree ├── body-parser@1.15.0
116 silly idealTree ├─┬ bookshelf@0.9.2
116 silly idealTree │ ├── bluebird@2.10.2
116 silly idealTree │ └── lodash@3.10.1
116 silly idealTree ├── boom@2.10.1
116 silly idealTree ├── brace-expansion@1.1.3
116 silly idealTree ├── bytes@2.2.0
116 silly idealTree ├── caseless@0.11.0
116 silly idealTree ├── chalk@1.1.1
116 silly idealTree ├── combined-stream@1.0.5
116 silly idealTree ├── commander@2.9.0
116 silly idealTree ├── concat-map@0.0.1
116 silly idealTree ├── concat-stream@1.5.1
116 silly idealTree ├── content-disposition@0.5.1
116 silly idealTree ├── content-type@1.0.1
116 silly idealTree ├── cookie-signature@1.0.6
116 silly idealTree ├── cookie@0.1.5
116 silly idealTree ├── core-js@1.2.6
116 silly idealTree ├── core-util-is@1.0.2
116 silly idealTree ├── crc@3.4.0
116 silly idealTree ├── create-error@0.3.1
116 silly idealTree ├── cryptiles@2.0.5
116 silly idealTree ├─┬ dashdash@1.13.0
116 silly idealTree │ └── assert-plus@1.0.0
116 silly idealTree ├── debug@2.2.0
116 silly idealTree ├── delayed-stream@1.0.0
116 silly idealTree ├── depd@1.1.0
116 silly idealTree ├── destroy@1.0.4
116 silly idealTree ├── dottie@1.1.1
116 silly idealTree ├── double-ended-queue@2.1.0-0
116 silly idealTree ├── ecc-jsbn@0.1.1
116 silly idealTree ├── ee-first@1.1.1
116 silly idealTree ├── escape-html@1.0.3
116 silly idealTree ├── escape-string-regexp@1.0.4
116 silly idealTree ├── etag@1.7.0
116 silly idealTree ├─┬ express-session@1.13.0
116 silly idealTree │ └── cookie@0.2.3
116 silly idealTree ├─┬ express@4.13.4
116 silly idealTree │ └── qs@4.0.0
116 silly idealTree ├── extend@3.0.0
116 silly idealTree ├── extsprintf@1.0.2
116 silly idealTree ├── finalhandler@0.4.1
116 silly idealTree ├── findup-sync@0.2.1
116 silly idealTree ├── flagged-respawn@0.3.1
116 silly idealTree ├── forever-agent@0.6.1
116 silly idealTree ├── form-data@1.0.0-rc3
116 silly idealTree ├── forwarded@0.1.0
116 silly idealTree ├── fresh@0.3.0
116 silly idealTree ├── generate-function@2.0.0
116 silly idealTree ├── generate-object-property@1.2.0
116 silly idealTree ├── generic-pool@2.4.0
116 silly idealTree ├── glob@4.3.5
116 silly idealTree ├── graceful-readlink@1.0.1
116 silly idealTree ├── har-validator@2.0.6
116 silly idealTree ├── has-ansi@2.0.0
116 silly idealTree ├── hashmap@2.0.4
116 silly idealTree ├── hawk@3.1.3
116 silly idealTree ├── hoek@2.16.3
116 silly idealTree ├── http-errors@1.4.0
116 silly idealTree ├── http-signature@1.1.1
116 silly idealTree ├── iconv-lite@0.4.13
116 silly idealTree ├── inflection@1.8.0
116 silly idealTree ├── inflight@1.0.4
116 silly idealTree ├── inherits@2.0.1
116 silly idealTree ├── interpret@0.6.6
116 silly idealTree ├── ipaddr.js@1.0.5
116 silly idealTree ├── is-my-json-valid@2.13.0
116 silly idealTree ├── is-property@1.0.2
116 silly idealTree ├── is-typedarray@1.0.0
116 silly idealTree ├── isarray@0.0.1
116 silly idealTree ├── isstream@0.1.2
116 silly idealTree ├── jodid25519@1.0.2
116 silly idealTree ├── jquery@2.2.1
116 silly idealTree ├── jsbn@0.1.0
116 silly idealTree ├── json-schema@0.2.2
116 silly idealTree ├── json-stringify-safe@5.0.1
116 silly idealTree ├── jsonpointer@2.0.0
116 silly idealTree ├── jsprim@1.2.2
116 silly idealTree ├── jwt-simple@0.4.1
116 silly idealTree ├─┬ knex@0.10.0
116 silly idealTree │ ├── bluebird@2.10.2
116 silly idealTree │ ├── lodash@3.10.1
116 silly idealTree │ └── readable-stream@1.1.13
116 silly idealTree ├─┬ liftoff@2.0.3
116 silly idealTree │ └── extend@2.0.1
116 silly idealTree ├── lodash@4.5.0
116 silly idealTree ├── lru-cache@2.7.3
116 silly idealTree ├── media-typer@0.3.0
116 silly idealTree ├── merge-descriptors@1.0.1
116 silly idealTree ├── methods@1.1.2
116 silly idealTree ├── mime-db@1.22.0
116 silly idealTree ├── mime-types@2.1.10
116 silly idealTree ├── mime@1.3.4
116 silly idealTree ├── minimatch@2.0.10
116 silly idealTree ├── minimist@1.1.3
116 silly idealTree ├─┬ mkdirp@0.5.1
116 silly idealTree │ └── minimist@0.0.8
116 silly idealTree ├── moment-timezone@0.5.0
116 silly idealTree ├── moment@2.11.2
116 silly idealTree ├─┬ morgan@1.6.1
116 silly idealTree │ └── depd@1.0.1
116 silly idealTree ├── ms@0.7.1
116 silly idealTree ├─┬ mysql@2.10.2
116 silly idealTree │ └── readable-stream@1.1.13
116 silly idealTree ├── nan@2.1.0
116 silly idealTree ├── negotiator@0.5.3
116 silly idealTree ├── node-uuid@1.4.7
116 silly idealTree ├── oauth-sign@0.8.1
116 silly idealTree ├── on-finished@2.3.0
116 silly idealTree ├── on-headers@1.0.1
116 silly idealTree ├── once@1.3.3
116 silly idealTree ├── parseurl@1.3.1
116 silly idealTree ├── passport-local@1.0.0
116 silly idealTree ├── passport-strategy@1.0.0
116 silly idealTree ├── passport@0.3.2
116 silly idealTree ├── path-to-regexp@0.1.7
116 silly idealTree ├── path@0.12.7
116 silly idealTree ├── pause@0.0.1
116 silly idealTree ├── pg-connection-string@0.1.3
116 silly idealTree ├── pinkie-promise@2.0.0
116 silly idealTree ├── pinkie@2.0.4
116 silly idealTree ├── pool2@1.3.1
116 silly idealTree ├── process-nextick-args@1.0.6
116 silly idealTree ├── process@0.11.2
116 silly idealTree ├── proxy-addr@1.0.10
116 silly idealTree ├── q@1.4.1
116 silly idealTree ├── qs@6.1.0
116 silly idealTree ├── range-parser@1.0.3
116 silly idealTree ├── raw-body@2.1.5
116 silly idealTree ├── readable-stream@2.0.5
116 silly idealTree ├─┬ request@2.69.0
116 silly idealTree │ └── qs@6.0.2
116 silly idealTree ├── resolve@1.1.7
116 silly idealTree ├── retry-as-promised@2.0.1
116 silly idealTree ├── semver@5.1.0
116 silly idealTree ├─┬ send@0.13.1
116 silly idealTree │ └── http-errors@1.3.1
116 silly idealTree ├── sequelize@3.19.3
116 silly idealTree ├── serve-static@1.10.2
116 silly idealTree ├── shimmer@1.1.0
116 silly idealTree ├── simple-backoff@1.0.0
116 silly idealTree ├── sntp@1.0.9
116 silly idealTree ├─┬ sqlite3@3.1.1
116 silly idealTree │ └─┬ node-pre-gyp@0.6.14
116 silly idealTree │   ├─┬ mkdirp@0.5.1
116 silly idealTree │   │ └── minimist@0.0.8
116 silly idealTree │   ├─┬ nopt@3.0.4
116 silly idealTree │   │ └── abbrev@1.0.7
116 silly idealTree │   ├─┬ npmlog@1.2.1
116 silly idealTree │   │ ├── ansi@0.3.0
116 silly idealTree │   │ ├─┬ are-we-there-yet@1.0.4
116 silly idealTree │   │ │ ├── delegates@0.1.0
116 silly idealTree │   │ │ └─┬ readable-stream@1.1.13
116 silly idealTree │   │ │   ├── core-util-is@1.0.1
116 silly idealTree │   │ │   ├── inherits@2.0.1
116 silly idealTree │   │ │   ├── isarray@0.0.1
116 silly idealTree │   │ │   └── string_decoder@0.10.31
116 silly idealTree │   │ └─┬ gauge@1.2.2
116 silly idealTree │   │   ├── has-unicode@1.0.0
116 silly idealTree │   │   ├─┬ lodash.pad@3.1.1
116 silly idealTree │   │   │ ├── lodash._basetostring@3.0.1
116 silly idealTree │   │   │ └─┬ lodash._createpadding@3.6.1
116 silly idealTree │   │   │   └── lodash.repeat@3.0.1
116 silly idealTree │   │   ├─┬ lodash.padleft@3.1.1
116 silly idealTree │   │   │ ├── lodash._basetostring@3.0.1
116 silly idealTree │   │   │ └─┬ lodash._createpadding@3.6.1
116 silly idealTree │   │   │   └── lodash.repeat@3.0.1
116 silly idealTree │   │   └─┬ lodash.padright@3.1.1
116 silly idealTree │   │     ├── lodash._basetostring@3.0.1
116 silly idealTree │   │     └─┬ lodash._createpadding@3.6.1
116 silly idealTree │   │       └── lodash.repeat@3.0.1
116 silly idealTree │   ├─┬ rc@1.1.2
116 silly idealTree │   │ ├── deep-extend@0.2.11
116 silly idealTree │   │ ├── ini@1.3.4
116 silly idealTree │   │ ├── minimist@1.2.0
116 silly idealTree │   │ └── strip-json-comments@0.1.3
116 silly idealTree │   ├─┬ request@2.64.0
116 silly idealTree │   │ ├── aws-sign2@0.5.0
116 silly idealTree │   │ ├─┬ bl@1.0.0
116 silly idealTree │   │ │ └─┬ readable-stream@2.0.2
116 silly idealTree │   │ │   ├── core-util-is@1.0.1
116 silly idealTree │   │ │   ├── inherits@2.0.1
116 silly idealTree │   │ │   ├── isarray@0.0.1
116 silly idealTree │   │ │   ├── process-nextick-args@1.0.3
116 silly idealTree │   │ │   ├── string_decoder@0.10.31
116 silly idealTree │   │ │   └── util-deprecate@1.0.1
116 silly idealTree │   │ ├── caseless@0.11.0
116 silly idealTree │   │ ├─┬ combined-stream@1.0.5
116 silly idealTree │   │ │ └── delayed-stream@1.0.0
116 silly idealTree │   │ ├── extend@3.0.0
116 silly idealTree │   │ ├── forever-agent@0.6.1
116 silly idealTree │   │ ├─┬ form-data@1.0.0-rc3
116 silly idealTree │   │ │ └── async@1.4.2
116 silly idealTree │   │ ├─┬ har-validator@1.8.0
116 silly idealTree │   │ │ ├── bluebird@2.10.2
116 silly idealTree │   │ │ ├─┬ chalk@1.1.1
116 silly idealTree │   │ │ │ ├── ansi-styles@2.1.0
116 silly idealTree │   │ │ │ ├── escape-string-regexp@1.0.3
116 silly idealTree │   │ │ │ ├─┬ has-ansi@2.0.0
116 silly idealTree │   │ │ │ │ └── ansi-regex@2.0.0
116 silly idealTree │   │ │ │ ├─┬ strip-ansi@3.0.0
116 silly idealTree │   │ │ │ │ └── ansi-regex@2.0.0
116 silly idealTree │   │ │ │ └── supports-color@2.0.0
116 silly idealTree │   │ │ ├─┬ commander@2.8.1
116 silly idealTree │   │ │ │ └── graceful-readlink@1.0.1
116 silly idealTree │   │ │ └─┬ is-my-json-valid@2.12.2
116 silly idealTree │   │ │   ├── generate-function@2.0.0
116 silly idealTree │   │ │   ├─┬ generate-object-property@1.2.0
116 silly idealTree │   │ │   │ └── is-property@1.0.2
116 silly idealTree │   │ │   ├── jsonpointer@2.0.0
116 silly idealTree │   │ │   └── xtend@4.0.0
116 silly idealTree │   │ ├─┬ hawk@3.1.0
116 silly idealTree │   │ │ ├── boom@2.9.0
116 silly idealTree │   │ │ ├── cryptiles@2.0.5
116 silly idealTree │   │ │ ├── hoek@2.16.3
116 silly idealTree │   │ │ └── sntp@1.0.9
116 silly idealTree │   │ ├─┬ http-signature@0.11.0
116 silly idealTree │   │ │ ├── asn1@0.1.11
116 silly idealTree │   │ │ ├── assert-plus@0.1.5
116 silly idealTree │   │ │ └── ctype@0.5.3
116 silly idealTree │   │ ├── isstream@0.1.2
116 silly idealTree │   │ ├── json-stringify-safe@5.0.1
116 silly idealTree │   │ ├─┬ mime-types@2.1.7
116 silly idealTree │   │ │ └── mime-db@1.19.0
116 silly idealTree │   │ ├── node-uuid@1.4.3
116 silly idealTree │   │ ├── oauth-sign@0.8.0
116 silly idealTree │   │ ├── qs@5.1.0
116 silly idealTree │   │ ├── stringstream@0.0.4
116 silly idealTree │   │ ├── tough-cookie@2.1.0
116 silly idealTree │   │ └── tunnel-agent@0.4.1
116 silly idealTree │   ├─┬ rimraf@2.4.3
116 silly idealTree │   │ └─┬ glob@5.0.15
116 silly idealTree │   │   ├─┬ inflight@1.0.4
116 silly idealTree │   │   │ └── wrappy@1.0.1
116 silly idealTree │   │   ├── inherits@2.0.1
116 silly idealTree │   │   ├─┬ minimatch@3.0.0
116 silly idealTree │   │   │ └─┬ brace-expansion@1.1.1
116 silly idealTree │   │   │   ├── balanced-match@0.2.0
116 silly idealTree │   │   │   └── concat-map@0.0.1
116 silly idealTree │   │   ├─┬ once@1.3.2
116 silly idealTree │   │   │ └── wrappy@1.0.1
116 silly idealTree │   │   └── path-is-absolute@1.0.0
116 silly idealTree │   ├── semver@5.0.3
116 silly idealTree │   ├─┬ tar-pack@2.0.0
116 silly idealTree │   │ ├── debug@0.7.4
116 silly idealTree │   │ ├─┬ fstream-ignore@0.0.7
116 silly idealTree │   │ │ ├── inherits@2.0.1
116 silly idealTree │   │ │ └─┬ minimatch@0.2.14
116 silly idealTree │   │ │   ├── lru-cache@2.7.0
116 silly idealTree │   │ │   └── sigmund@1.0.1
116 silly idealTree │   │ ├─┬ fstream@0.1.31
116 silly idealTree │   │ │ ├── graceful-fs@3.0.8
116 silly idealTree │   │ │ └── inherits@2.0.1
116 silly idealTree │   │ ├── graceful-fs@1.2.3
116 silly idealTree │   │ ├── once@1.1.1
116 silly idealTree │   │ ├─┬ readable-stream@1.0.33
116 silly idealTree │   │ │ ├── core-util-is@1.0.1
116 silly idealTree │   │ │ ├── inherits@2.0.1
116 silly idealTree │   │ │ ├── isarray@0.0.1
116 silly idealTree │   │ │ └── string_decoder@0.10.31
116 silly idealTree │   │ ├── rimraf@2.2.8
116 silly idealTree │   │ ├─┬ tar@0.1.20
116 silly idealTree │   │ │ ├── block-stream@0.0.8
116 silly idealTree │   │ │ └── inherits@2.0.1
116 silly idealTree │   │ └── uid-number@0.0.3
116 silly idealTree │   └─┬ tar@2.2.1
116 silly idealTree │     ├── block-stream@0.0.8
116 silly idealTree │     ├─┬ fstream@1.0.8
116 silly idealTree │     │ └── graceful-fs@4.1.2
116 silly idealTree │     └── inherits@2.0.1
116 silly idealTree ├── sshpk@1.7.4
116 silly idealTree ├── statuses@1.2.1
116 silly idealTree ├── string_decoder@0.10.31
116 silly idealTree ├── stringstream@0.0.5
116 silly idealTree ├── strip-ansi@3.0.0
116 silly idealTree ├── supports-color@2.0.0
116 silly idealTree ├── tildify@1.0.0
116 silly idealTree ├── toposort-class@1.0.1
116 silly idealTree ├── tough-cookie@2.2.1
116 silly idealTree ├── tunnel-agent@0.4.2
116 silly idealTree ├── tweetnacl@0.13.3
116 silly idealTree ├── type-is@1.6.11
116 silly idealTree ├── typedarray@0.0.6
116 silly idealTree ├── uid-safe@2.0.0
116 silly idealTree ├── unpipe@1.0.0
116 silly idealTree ├── user-home@1.1.1
116 silly idealTree ├── util-deprecate@1.0.2
116 silly idealTree ├── util@0.10.3
116 silly idealTree ├── utils-merge@1.0.0
116 silly idealTree ├── v8flags@2.0.11
116 silly idealTree ├── validator@4.9.0
116 silly idealTree ├── vary@1.0.1
116 silly idealTree ├── verror@1.3.6
116 silly idealTree ├── wellknown@0.4.1
116 silly idealTree ├── wkx@0.2.0
116 silly idealTree ├── wrappy@1.0.1
116 silly idealTree └── xtend@4.0.1
117 silly generateActionsToTake Starting
118 silly install generateActionsToTake
119 silly generateActionsToTake Finishing
120 silly diffTrees action count 2
121 silly diffTrees add angular-ui-bootstrap@1.1.2
122 silly diffTrees add jquery@2.2.1
123 silly decomposeActions action count 16
124 silly decomposeActions fetch angular-ui-bootstrap@1.1.2
125 silly decomposeActions extract angular-ui-bootstrap@1.1.2
126 silly decomposeActions preinstall angular-ui-bootstrap@1.1.2
127 silly decomposeActions build angular-ui-bootstrap@1.1.2
128 silly decomposeActions install angular-ui-bootstrap@1.1.2
129 silly decomposeActions postinstall angular-ui-bootstrap@1.1.2
130 silly decomposeActions test angular-ui-bootstrap@1.1.2
131 silly decomposeActions finalize angular-ui-bootstrap@1.1.2
132 silly decomposeActions fetch jquery@2.2.1
133 silly decomposeActions extract jquery@2.2.1
134 silly decomposeActions preinstall jquery@2.2.1
135 silly decomposeActions build jquery@2.2.1
136 silly decomposeActions install jquery@2.2.1
137 silly decomposeActions postinstall jquery@2.2.1
138 silly decomposeActions test jquery@2.2.1
139 silly decomposeActions finalize jquery@2.2.1
140 silly executeActions Starting
141 silly install executeActions
142 silly doSerial global-install 0
143 silly doParallel fetch 2
144 verbose lock using /Users/eleanordemis/.npm/_locks/staging-0404bc0824a3cc19.lock for /Users/eleanordemis/GitHub/MKS-32/studymate/node_modules/.staging
145 silly doParallel extract 2
146 silly extract angular-ui-bootstrap@1.1.2
147 silly extract jquery@2.2.1
148 verbose unbuild node_modules/.staging/angular-ui-bootstrap-ffe4fb54e51665c75bbf65fc4a5de96f
149 verbose unbuild node_modules/.staging/jquery-5503b85a3239af6b714c588ae7b1bad0
150 silly gentlyRm /Users/eleanordemis/GitHub/MKS-32/studymate/node_modules/.staging/angular-ui-bootstrap-ffe4fb54e51665c75bbf65fc4a5de96f is being purged from base /Users/eleanordemis/GitHub/MKS-32/studymate
151 silly gentlyRm /Users/eleanordemis/GitHub/MKS-32/studymate/node_modules/.staging/jquery-5503b85a3239af6b714c588ae7b1bad0 is being purged from base /Users/eleanordemis/GitHub/MKS-32/studymate
152 verbose gentlyRm don't care about contents; nuking /Users/eleanordemis/GitHub/MKS-32/studymate/node_modules/.staging/angular-ui-bootstrap-ffe4fb54e51665c75bbf65fc4a5de96f
153 verbose gentlyRm don't care about contents; nuking /Users/eleanordemis/GitHub/MKS-32/studymate/node_modules/.staging/jquery-5503b85a3239af6b714c588ae7b1bad0
154 verbose tar unpack /Users/eleanordemis/.npm/angular-ui-bootstrap/1.1.2/package.tgz
155 verbose tar unpacking to /Users/eleanordemis/GitHub/MKS-32/studymate/node_modules/.staging/angular-ui-bootstrap-ffe4fb54e51665c75bbf65fc4a5de96f
156 silly gentlyRm /Users/eleanordemis/GitHub/MKS-32/studymate/node_modules/.staging/angular-ui-bootstrap-ffe4fb54e51665c75bbf65fc4a5de96f is being purged
157 verbose tar unpack /Users/eleanordemis/.npm/jquery/2.2.1/package.tgz
158 verbose tar unpacking to /Users/eleanordemis/GitHub/MKS-32/studymate/node_modules/.staging/jquery-5503b85a3239af6b714c588ae7b1bad0
159 silly gentlyRm /Users/eleanordemis/GitHub/MKS-32/studymate/node_modules/.staging/jquery-5503b85a3239af6b714c588ae7b1bad0 is being purged
160 verbose gentlyRm don't care about contents; nuking /Users/eleanordemis/GitHub/MKS-32/studymate/node_modules/.staging/angular-ui-bootstrap-ffe4fb54e51665c75bbf65fc4a5de96f
161 verbose gentlyRm don't care about contents; nuking /Users/eleanordemis/GitHub/MKS-32/studymate/node_modules/.staging/jquery-5503b85a3239af6b714c588ae7b1bad0
162 silly gunzTarPerm modes [ '755', '644' ]
163 silly gunzTarPerm modes [ '755', '644' ]
164 silly gunzTarPerm extractEntry package.json
165 silly gunzTarPerm extractEntry package.json
166 silly gunzTarPerm extractEntry README.md
167 silly gunzTarPerm extractEntry LICENSE
168 silly gunzTarPerm extractEntry README.md
169 silly gunzTarPerm extractEntry AUTHORS.txt
170 silly gunzTarPerm extractEntry index.js
171 silly gunzTarPerm extractEntry dist/ui-bootstrap-tpls.js
172 silly gunzTarPerm extractEntry LICENSE.txt
173 silly gunzTarPerm extractEntry dist/ui-bootstrap.js
174 silly gunzTarPerm extractEntry bower.json
175 silly gunzTarPerm extractEntry dist/jquery.js
176 silly gunzTarPerm extractEntry dist/jquery.min.js
177 silly gunzTarPerm extractEntry dist/ui-bootstrap-csp.css
178 silly gunzTarPerm extractEntry src/pager/pager.js
179 silly gunzTarPerm extractEntry src/pager/docs/demo.js
180 silly gunzTarPerm extractEntry src/pager/docs/demo.html
181 silly gunzTarPerm extractEntry src/pager/docs/readme.md
182 silly gunzTarPerm extractEntry dist/jquery.slim.js
183 silly gunzTarPerm extractEntry src/pager/test/pager.spec.js
184 silly gunzTarPerm extractEntry dist/jquery.slim.min.js
185 silly gunzTarPerm extractEntry src/accordion/accordion.js
186 silly gunzTarPerm extractEntry src/accordion/docs/demo.js
187 silly gunzTarPerm extractEntry src/accordion/docs/demo.html
188 silly gunzTarPerm extractEntry dist/jquery.min.map
189 silly gunzTarPerm extractEntry src/accordion/docs/readme.md
190 silly gunzTarPerm extractEntry src/accordion/test/accordion.spec.js
191 silly gunzTarPerm extractEntry src/buttons/buttons.js
192 silly gunzTarPerm extractEntry src/buttons/docs/demo.js
193 silly gunzTarPerm extractEntry src/buttons/docs/demo.html
194 silly gunzTarPerm extractEntry dist/jquery.slim.min.map
195 silly gunzTarPerm extractEntry src/buttons/docs/readme.md
196 silly gunzTarPerm extractEntry src/buttons/test/buttons.spec.js
197 silly gunzTarPerm extractEntry src/carousel/carousel.js
198 silly gunzTarPerm extractEntry src/wrap.js
199 silly gunzTarPerm extractEntry src/carousel/carousel.css
200 silly gunzTarPerm extractEntry src/css.js
201 silly gunzTarPerm extractEntry src/selector.js
202 silly gunzTarPerm extractEntry src/data.js
203 silly gunzTarPerm extractEntry src/serialize.js
204 silly gunzTarPerm extractEntry src/carousel/docs/README.md
205 silly gunzTarPerm extractEntry src/carousel/docs/demo.js
206 silly gunzTarPerm extractEntry src/carousel/docs/demo.html
207 silly gunzTarPerm extractEntry src/carousel/test/carousel.spec.js
208 silly gunzTarPerm extractEntry src/collapse/collapse.js
209 silly gunzTarPerm extractEntry src/collapse/docs/demo.js
210 silly gunzTarPerm extractEntry src/collapse/docs/demo.html
211 silly gunzTarPerm extractEntry src/collapse/docs/readme.md
212 silly gunzTarPerm extractEntry src/deferred.js
213 silly gunzTarPerm extractEntry src/deprecated.js
214 silly gunzTarPerm extractEntry src/dimensions.js
215 silly gunzTarPerm extractEntry src/collapse/test/collapse.spec.js
216 silly gunzTarPerm extractEntry src/selector-native.js
217 silly gunzTarPerm extractEntry src/dateparser/dateparser.js
218 silly gunzTarPerm extractEntry src/effects.js
219 silly gunzTarPerm extractEntry src/dateparser/docs/README.md
220 silly gunzTarPerm extractEntry src/core.js
221 silly gunzTarPerm extractEntry src/dateparser/docs/demo.js
222 silly gunzTarPerm extractEntry src/queue.js
223 silly gunzTarPerm extractEntry src/dateparser/docs/demo.html
224 silly gunzTarPerm extractEntry src/support.js
225 silly gunzTarPerm extractEntry src/dateparser/test/dateparser.spec.js
226 silly gunzTarPerm extractEntry src/datepicker/datepicker.js
227 silly gunzTarPerm extractEntry src/datepicker/datepicker.css
228 silly gunzTarPerm extractEntry src/outro.js
229 silly gunzTarPerm extractEntry src/callbacks.js
230 silly gunzTarPerm extractEntry src/offset.js
231 silly gunzTarPerm extractEntry src/attributes.js
232 silly gunzTarPerm extractEntry src/datepicker/docs/demo.js
233 silly gunzTarPerm extractEntry src/datepicker/docs/demo.html
234 silly gunzTarPerm extractEntry src/intro.js
235 silly gunzTarPerm extractEntry src/traversing.js
236 silly gunzTarPerm extractEntry src/jquery.js
237 silly gunzTarPerm extractEntry src/ajax.js
238 silly gunzTarPerm extractEntry src/manipulation.js
239 silly gunzTarPerm extractEntry src/datepicker/docs/readme.md
240 silly gunzTarPerm extractEntry src/datepicker/test/datepicker.spec.js
241 silly gunzTarPerm extractEntry src/selector-sizzle.js
242 silly gunzTarPerm extractEntry src/event.js
243 silly gunzTarPerm extractEntry src/data/Data.js
244 silly gunzTarPerm extractEntry src/data/accepts.js
245 silly gunzTarPerm extractEntry src/debounce/debounce.js
246 silly gunzTarPerm extractEntry src/debounce/test/debounce.spec.js
247 silly gunzTarPerm extractEntry src/data/support.js
248 silly gunzTarPerm extractEntry src/data/var/acceptData.js
249 silly gunzTarPerm extractEntry src/data/var/dataPriv.js
250 silly gunzTarPerm extractEntry src/data/var/dataUser.js
251 silly gunzTarPerm extractEntry src/manipulation/_evalUrl.js
252 silly gunzTarPerm extractEntry src/dropdown/dropdown.js
253 silly gunzTarPerm extractEntry src/dropdown/docs/demo.js
254 silly gunzTarPerm extractEntry src/manipulation/buildFragment.js
255 silly gunzTarPerm extractEntry src/manipulation/createSafeFragment.js
256 silly gunzTarPerm extractEntry src/dropdown/docs/demo.html
257 silly gunzTarPerm extractEntry src/dropdown/docs/readme.md
258 silly gunzTarPerm extractEntry src/manipulation/getAll.js
259 silly gunzTarPerm extractEntry src/manipulation/setGlobalEval.js
260 silly gunzTarPerm extractEntry src/manipulation/support.js
261 silly gunzTarPerm extractEntry src/dropdown/test/dropdown.spec.js
262 silly gunzTarPerm extractEntry src/isClass/isClass.js
263 silly gunzTarPerm extractEntry src/manipulation/wrapMap.js
264 silly gunzTarPerm extractEntry src/manipulation/var/nodeNames.js
265 silly gunzTarPerm extractEntry src/manipulation/var/rcheckableType.js
266 silly gunzTarPerm extractEntry src/manipulation/var/rleadingWhitespace.js
267 silly gunzTarPerm extractEntry src/manipulation/var/rscriptType.js
268 silly gunzTarPerm extractEntry src/isClass/test/isClass.spec.js
269 silly gunzTarPerm extractEntry src/modal/modal.js
270 silly gunzTarPerm extractEntry src/manipulation/var/rtagName.js
271 silly gunzTarPerm extractEntry src/ajax/jsonp.js
272 silly gunzTarPerm extractEntry src/modal/docs/demo.js
273 silly gunzTarPerm extractEntry src/modal/docs/demo.html
274 silly gunzTarPerm extractEntry src/ajax/load.js
275 silly gunzTarPerm extractEntry src/ajax/parseJSON.js
276 silly gunzTarPerm extractEntry src/ajax/parseXML.js
277 silly gunzTarPerm extractEntry src/ajax/script.js
278 silly gunzTarPerm extractEntry src/ajax/xhr.js
279 silly gunzTarPerm extractEntry src/ajax/var/location.js
280 silly gunzTarPerm extractEntry src/ajax/var/nonce.js
281 silly gunzTarPerm extractEntry src/ajax/var/rquery.js
282 silly gunzTarPerm extractEntry src/modal/docs/readme.md
283 silly gunzTarPerm extractEntry src/modal/test/modal.spec.js
284 silly gunzTarPerm extractEntry src/queue/delay.js
285 silly gunzTarPerm extractEntry src/modal/test/multiMap.spec.js
286 silly gunzTarPerm extractEntry src/alert/alert.js
287 silly gunzTarPerm extractEntry src/event/ajax.js
288 silly gunzTarPerm extractEntry src/event/alias.js
289 silly gunzTarPerm extractEntry src/alert/docs/demo.js
290 silly gunzTarPerm extractEntry src/alert/docs/demo.html
291 silly gunzTarPerm extractEntry src/alert/docs/readme.md
292 silly gunzTarPerm extractEntry src/alert/test/alert.spec.js
293 silly gunzTarPerm extractEntry src/event/focusin.js
294 silly gunzTarPerm extractEntry src/event/support.js
295 silly gunzTarPerm extractEntry src/event/trigger.js
296 silly gunzTarPerm extractEntry src/effects/Tween.js
297 silly gunzTarPerm extractEntry src/pagination/pagination.js
298 silly gunzTarPerm extractEntry src/pagination/docs/demo.js
299 silly gunzTarPerm extractEntry src/effects/animatedSelector.js
300 silly gunzTarPerm extractEntry src/effects/support.js
301 silly gunzTarPerm extractEntry src/pagination/docs/demo.html
302 silly gunzTarPerm extractEntry src/pagination/docs/readme.md
303 silly gunzTarPerm extractEntry src/deferred/exceptionHook.js
304 silly gunzTarPerm extractEntry src/exports/amd.js
305 silly gunzTarPerm extractEntry src/pagination/test/pagination.spec.js
306 silly gunzTarPerm extractEntry src/paging/paging.js
307 silly gunzTarPerm extractEntry src/exports/global.js
308 silly gunzTarPerm extractEntry src/css/addGetHookIf.js
309 silly gunzTarPerm extractEntry src/paging/test/paging.spec.js
310 silly gunzTarPerm extractEntry src/popover/popover.js
311 silly gunzTarPerm extractEntry src/css/adjustCSS.js
312 silly gunzTarPerm extractEntry src/css/curCSS.js
313 silly gunzTarPerm extractEntry src/popover/docs/demo.js
314 silly gunzTarPerm extractEntry src/popover/docs/demo.html
315 silly gunzTarPerm extractEntry src/css/defaultDisplay.js
316 silly gunzTarPerm extractEntry src/css/hiddenVisibleSelectors.js
317 silly gunzTarPerm extractEntry src/popover/docs/readme.md
318 silly gunzTarPerm extractEntry src/popover/test/popover-html.spec.js
319 silly gunzTarPerm extractEntry src/css/showHide.js
320 silly gunzTarPerm extractEntry src/css/support.js
321 silly gunzTarPerm extractEntry src/popover/test/popover-template.spec.js
322 silly gunzTarPerm extractEntry src/popover/test/popover.spec.js
323 silly gunzTarPerm extractEntry src/css/var/cssExpand.js
324 silly gunzTarPerm extractEntry src/css/var/getStyles.js
325 silly gunzTarPerm extractEntry src/position/position.js
326 silly gunzTarPerm extractEntry src/position/docs/demo.js
327 silly gunzTarPerm extractEntry src/css/var/isHidden.js
328 silly gunzTarPerm extractEntry src/css/var/rmargin.js
329 silly gunzTarPerm extractEntry src/position/docs/demo.html
330 silly gunzTarPerm extractEntry src/position/docs/readme.md
331 silly gunzTarPerm extractEntry src/css/var/rnumnonpx.js
332 silly gunzTarPerm extractEntry src/css/var/swap.js
333 silly gunzTarPerm extractEntry src/position/test/position.spec.js
334 silly gunzTarPerm extractEntry src/position/test/test.html
335 silly gunzTarPerm extractEntry src/core/DOMEval.js
336 silly gunzTarPerm extractEntry src/core/access.js
337 silly gunzTarPerm extractEntry src/progressbar/progressbar.js
338 silly gunzTarPerm extractEntry src/progressbar/docs/demo.js
339 silly gunzTarPerm extractEntry src/progressbar/docs/demo.html
340 silly gunzTarPerm extractEntry src/progressbar/docs/readme.md
341 silly gunzTarPerm extractEntry src/core/init.js
342 silly gunzTarPerm extractEntry src/core/parseHTML.js
343 silly gunzTarPerm extractEntry src/progressbar/test/progressbar.spec.js
344 silly gunzTarPerm extractEntry src/rating/rating.js
345 silly gunzTarPerm extractEntry src/core/ready.js
346 silly gunzTarPerm extractEntry src/core/support.js
347 silly gunzTarPerm extractEntry src/core/var/rsingleTag.js
348 silly gunzTarPerm extractEntry src/traversing/findFilter.js
349 silly gunzTarPerm extractEntry src/rating/docs/demo.js
350 silly gunzTarPerm extractEntry src/rating/docs/demo.html
351 silly gunzTarPerm extractEntry src/traversing/var/dir.js
352 silly gunzTarPerm extractEntry src/traversing/var/rneedsContext.js
353 silly gunzTarPerm extractEntry src/rating/docs/readme.md
354 silly gunzTarPerm extractEntry src/rating/test/rating.spec.js
355 silly gunzTarPerm extractEntry src/traversing/var/siblings.js
356 silly gunzTarPerm extractEntry src/attributes/attr.js
357 silly gunzTarPerm extractEntry src/stackedMap/stackedMap.js
358 silly gunzTarPerm extractEntry src/stackedMap/test/stackedMap.spec.js
359 silly gunzTarPerm extractEntry src/attributes/classes.js
360 silly gunzTarPerm extractEntry src/attributes/prop.js
361 silly gunzTarPerm extractEntry src/tabs/tabs.js
362 silly gunzTarPerm extractEntry src/tabs/docs/demo.js
363 silly gunzTarPerm extractEntry src/attributes/support.js
364 silly gunzTarPerm extractEntry src/attributes/val.js
365 silly gunzTarPerm extractEntry src/tabs/docs/demo.html
366 silly gunzTarPerm extractEntry src/tabs/docs/readme.md
367 silly gunzTarPerm extractEntry src/var/arr.js
368 silly gunzTarPerm extractEntry src/var/document.js
369 silly gunzTarPerm extractEntry src/var/documentElement.js
370 silly gunzTarPerm extractEntry src/var/hasOwn.js
371 silly gunzTarPerm extractEntry src/tabs/test/tabs.spec.js
372 silly gunzTarPerm extractEntry src/timepicker/timepicker.js
373 silly gunzTarPerm extractEntry src/var/deletedIds.js
374 silly gunzTarPerm extractEntry src/var/pnum.js
375 silly gunzTarPerm extractEntry src/timepicker/docs/demo.js
376 silly gunzTarPerm extractEntry src/timepicker/docs/demo.html
377 silly gunzTarPerm extractEntry src/var/push.js
378 silly gunzTarPerm extractEntry src/var/rcssNum.js
379 silly gunzTarPerm extractEntry src/timepicker/docs/readme.md
380 silly gunzTarPerm extractEntry src/timepicker/test/timepicker.spec.js
381 silly gunzTarPerm extractEntry src/var/rnotwhite.js
382 silly gunzTarPerm extractEntry src/var/slice.js
383 silly gunzTarPerm extractEntry src/var/concat.js
384 silly gunzTarPerm extractEntry src/var/support.js
385 silly gunzTarPerm extractEntry src/timepicker/timepicker.css
386 silly gunzTarPerm extractEntry src/tooltip/tooltip.js
387 silly gunzTarPerm extractEntry src/tooltip/docs/demo.js
388 silly gunzTarPerm extractEntry src/tooltip/docs/demo.html
389 silly gunzTarPerm extractEntry src/tooltip/docs/readme.md
390 silly gunzTarPerm extractEntry src/var/class2type.js
391 silly gunzTarPerm extractEntry src/var/toString.js
392 silly gunzTarPerm extractEntry src/tooltip/test/tooltip-template.spec.js
393 silly gunzTarPerm extractEntry src/tooltip/test/tooltip.spec.js
394 silly gunzTarPerm extractEntry src/tooltip/test/tooltip2.spec.js
395 silly gunzTarPerm extractEntry src/typeahead/typeahead.js
396 silly gunzTarPerm extractEntry src/var/indexOf.js
397 silly gunzTarPerm extractEntry src/.jshintrc
398 silly gunzTarPerm extractEntry src/typeahead/docs/demo.js
399 silly gunzTarPerm extractEntry src/typeahead/docs/demo.html
400 silly gunzTarPerm extractEntry src/typeahead/docs/readme.md
401 silly gunzTarPerm extractEntry src/typeahead/test/typeahead-highlight-ngsanitize.spec.js
402 silly gunzTarPerm extractEntry src/typeahead/test/typeahead-highlight.spec.js
403 silly gunzTarPerm extractEntry src/typeahead/test/typeahead-parser.spec.js
404 silly gunzTarPerm extractEntry src/typeahead/test/typeahead-popup.spec.js
405 silly gunzTarPerm extractEntry src/typeahead/test/typeahead.spec.js
406 silly gunzTarPerm extractEntry src/typeahead/typeahead.css
407 silly gunzTarPerm extractEntry template/popover/popover-html.html.js
408 silly gunzTarPerm extractEntry template/popover/popover-template.html.js
409 silly gunzTarPerm extractEntry template/popover/popover.html.js
410 silly gunzTarPerm extractEntry template/popover/popover-html.html
411 silly gunzTarPerm extractEntry template/popover/popover-template.html
412 silly gunzTarPerm extractEntry template/popover/popover.html
413 silly gunzTarPerm extractEntry template/accordion/accordion-group.html.js
414 silly gunzTarPerm extractEntry template/accordion/accordion.html.js
415 silly gunzTarPerm extractEntry template/accordion/accordion-group.html
416 silly gunzTarPerm extractEntry template/accordion/accordion.html
417 silly gunzTarPerm extractEntry template/carousel/carousel.html.js
418 silly gunzTarPerm extractEntry template/carousel/slide.html.js
419 silly gunzTarPerm extractEntry template/carousel/carousel.html
420 silly gunzTarPerm extractEntry template/carousel/slide.html
421 silly gunzTarPerm extractEntry template/datepicker/datepicker.html.js
422 silly gunzTarPerm extractEntry template/datepicker/day.html.js
423 silly gunzTarPerm extractEntry template/datepicker/month.html.js
424 silly gunzTarPerm extractEntry template/datepicker/popup.html.js
425 silly gunzTarPerm extractEntry template/datepicker/year.html.js
426 silly gunzTarPerm extractEntry template/datepicker/datepicker.html
427 silly gunzTarPerm extractEntry template/datepicker/day.html
428 silly gunzTarPerm extractEntry template/datepicker/month.html
429 silly gunzTarPerm extractEntry template/datepicker/popup.html
430 silly gunzTarPerm extractEntry template/datepicker/year.html
431 silly gunzTarPerm extractEntry template/modal/backdrop.html.js
432 silly gunzTarPerm extractEntry template/modal/window.html.js
433 silly gunzTarPerm extractEntry template/modal/backdrop.html
434 silly gunzTarPerm extractEntry template/modal/window.html
435 silly gunzTarPerm extractEntry template/pager/pager.html.js
436 silly gunzTarPerm extractEntry template/pager/pager.html
437 silly gunzTarPerm extractEntry template/pagination/pagination.html.js
438 silly gunzTarPerm extractEntry template/pagination/pagination.html
439 silly gunzTarPerm extractEntry template/alert/alert.html.js
440 silly gunzTarPerm extractEntry template/alert/alert.html
441 silly gunzTarPerm extractEntry template/progressbar/bar.html.js
442 silly gunzTarPerm extractEntry template/progressbar/progress.html.js
443 silly gunzTarPerm extractEntry template/progressbar/progressbar.html.js
444 silly gunzTarPerm extractEntry template/progressbar/bar.html
445 silly gunzTarPerm extractEntry template/progressbar/progress.html
446 silly gunzTarPerm extractEntry template/progressbar/progressbar.html
447 silly gunzTarPerm extractEntry template/rating/rating.html.js
448 silly gunzTarPerm extractEntry template/rating/rating.html
449 silly gunzTarPerm extractEntry template/tabs/tab.html.js
450 silly gunzTarPerm extractEntry template/tabs/tabset.html.js
451 silly gunzTarPerm extractEntry template/tabs/tab.html
452 silly gunzTarPerm extractEntry template/tabs/tabset.html
453 silly gunzTarPerm extractEntry template/timepicker/timepicker.html.js
454 silly gunzTarPerm extractEntry template/timepicker/timepicker.html
455 silly gunzTarPerm extractEntry template/tooltip/tooltip-html-popup.html.js
456 silly gunzTarPerm extractEntry template/tooltip/tooltip-popup.html.js
457 silly gunzTarPerm extractEntry template/tooltip/tooltip-template-popup.html.js
458 silly gunzTarPerm extractEntry template/tooltip/tooltip-html-popup.html
459 silly gunzTarPerm extractEntry template/tooltip/tooltip-popup.html
460 silly gunzTarPerm extractEntry template/tooltip/tooltip-template-popup.html
461 silly gunzTarPerm extractEntry template/typeahead/typeahead-match.html.js
462 silly gunzTarPerm extractEntry template/typeahead/typeahead-popup.html.js
463 silly gunzTarPerm extractEntry template/typeahead/typeahead-match.html
464 silly gunzTarPerm extractEntry template/typeahead/typeahead-popup.html
465 silly gunzTarPerm extractEntry CHANGELOG.md
466 silly doParallel preinstall 2
467 silly preinstall angular-ui-bootstrap@1.1.2 /Users/eleanordemis/GitHub/MKS-32/studymate/node_modules/.staging/angular-ui-bootstrap-ffe4fb54e51665c75bbf65fc4a5de96f
468 info lifecycle angular-ui-bootstrap@1.1.2~preinstall: angular-ui-bootstrap@1.1.2
469 silly preinstall jquery@2.2.1 /Users/eleanordemis/GitHub/MKS-32/studymate/node_modules/.staging/jquery-5503b85a3239af6b714c588ae7b1bad0
470 info lifecycle jquery@2.2.1~preinstall: jquery@2.2.1
471 silly lifecycle angular-ui-bootstrap@1.1.2~preinstall: no script for preinstall, continuing
472 silly lifecycle jquery@2.2.1~preinstall: no script for preinstall, continuing
473 silly doReverseSerial remove 0
474 silly doSerial move 0
475 silly doSerial finalize 2
476 silly finalize /Users/eleanordemis/GitHub/MKS-32/studymate/node_modules/angular-ui-bootstrap
477 silly finalize /Users/eleanordemis/GitHub/MKS-32/studymate/node_modules/jquery
478 silly doSerial build 2
479 silly build angular-ui-bootstrap@1.1.2
480 info linkStuff angular-ui-bootstrap@1.1.2
481 silly linkStuff angular-ui-bootstrap@1.1.2 has /Users/eleanordemis/GitHub/MKS-32/studymate/node_modules as its parent node_modules
482 verbose linkBins angular-ui-bootstrap@1.1.2
483 verbose linkMans angular-ui-bootstrap@1.1.2
484 silly build jquery@2.2.1
485 info linkStuff jquery@2.2.1
486 silly linkStuff jquery@2.2.1 has /Users/eleanordemis/GitHub/MKS-32/studymate/node_modules as its parent node_modules
487 verbose linkBins jquery@2.2.1
488 verbose linkMans jquery@2.2.1
489 silly doSerial global-link 0
490 silly doParallel update-linked 0
491 silly doSerial install 2
492 silly install angular-ui-bootstrap@1.1.2 /Users/eleanordemis/GitHub/MKS-32/studymate/node_modules/.staging/angular-ui-bootstrap-ffe4fb54e51665c75bbf65fc4a5de96f
493 info lifecycle angular-ui-bootstrap@1.1.2~install: angular-ui-bootstrap@1.1.2
494 silly lifecycle angular-ui-bootstrap@1.1.2~install: no script for install, continuing
495 silly install jquery@2.2.1 /Users/eleanordemis/GitHub/MKS-32/studymate/node_modules/.staging/jquery-5503b85a3239af6b714c588ae7b1bad0
496 info lifecycle jquery@2.2.1~install: jquery@2.2.1
497 silly lifecycle jquery@2.2.1~install: no script for install, continuing
498 silly doSerial postinstall 2
499 silly postinstall angular-ui-bootstrap@1.1.2 /Users/eleanordemis/GitHub/MKS-32/studymate/node_modules/.staging/angular-ui-bootstrap-ffe4fb54e51665c75bbf65fc4a5de96f
500 info lifecycle angular-ui-bootstrap@1.1.2~postinstall: angular-ui-bootstrap@1.1.2
501 silly lifecycle angular-ui-bootstrap@1.1.2~postinstall: no script for postinstall, continuing
502 silly postinstall jquery@2.2.1 /Users/eleanordemis/GitHub/MKS-32/studymate/node_modules/.staging/jquery-5503b85a3239af6b714c588ae7b1bad0
503 info lifecycle jquery@2.2.1~postinstall: jquery@2.2.1
504 silly lifecycle jquery@2.2.1~postinstall: no script for postinstall, continuing
505 verbose unlock done using /Users/eleanordemis/.npm/_locks/staging-0404bc0824a3cc19.lock for /Users/eleanordemis/GitHub/MKS-32/studymate/node_modules/.staging
506 silly executeActions Finishing
507 silly rollbackFailedOptional Starting
508 silly rollbackFailedOptional Finishing
509 silly runTopLevelLifecycles Starting
510 silly install runTopLevelLifecycles
511 silly preinstall studymate@1.0.0 /Users/eleanordemis/GitHub/MKS-32/studymate/studymate-52f69df870f59cce26b053287b9380f3
512 info lifecycle studymate@1.0.0~preinstall: studymate@1.0.0
513 silly lifecycle studymate@1.0.0~preinstall: no script for preinstall, continuing
514 silly build studymate@1.0.0
515 info linkStuff studymate@1.0.0
516 silly linkStuff studymate@1.0.0 has /Users/eleanordemis/GitHub/MKS-32 as its parent node_modules
517 verbose linkBins studymate@1.0.0
518 verbose linkMans studymate@1.0.0
519 silly install studymate@1.0.0 /Users/eleanordemis/GitHub/MKS-32/studymate/studymate-52f69df870f59cce26b053287b9380f3
520 info lifecycle studymate@1.0.0~install: studymate@1.0.0
521 silly lifecycle studymate@1.0.0~install: no script for install, continuing
522 silly postinstall studymate@1.0.0 /Users/eleanordemis/GitHub/MKS-32/studymate/studymate-52f69df870f59cce26b053287b9380f3
523 info lifecycle studymate@1.0.0~postinstall: studymate@1.0.0
524 verbose lifecycle studymate@1.0.0~postinstall: unsafe-perm in lifecycle true
525 verbose lifecycle studymate@1.0.0~postinstall: PATH: /usr/local/lib/node_modules/npm/bin/node-gyp-bin:/Users/eleanordemis/GitHub/MKS-32/studymate/node_modules/.bin:/usr/local/bin:/usr/bin:/bin:/usr/sbin:/sbin:/opt/X11/bin:/usr/local/git/bin
526 verbose lifecycle studymate@1.0.0~postinstall: CWD: /Users/eleanordemis/GitHub/MKS-32/studymate
527 silly lifecycle studymate@1.0.0~postinstall: Args: [ '-c',
527 silly lifecycle   'npm install bower -g && bower cache clean && bower install' ]
528 silly lifecycle studymate@1.0.0~postinstall: Returned: code: 243  signal: null
529 info lifecycle studymate@1.0.0~postinstall: Failed to exec postinstall script
530 verbose stack Error: studymate@1.0.0 postinstall: `npm install bower -g && bower cache clean && bower install`
530 verbose stack Exit status 243
530 verbose stack     at EventEmitter.<anonymous> (/usr/local/lib/node_modules/npm/lib/utils/lifecycle.js:232:16)
530 verbose stack     at emitTwo (events.js:100:13)
530 verbose stack     at EventEmitter.emit (events.js:185:7)
530 verbose stack     at ChildProcess.<anonymous> (/usr/local/lib/node_modules/npm/lib/utils/spawn.js:24:14)
530 verbose stack     at emitTwo (events.js:100:13)
530 verbose stack     at ChildProcess.emit (events.js:185:7)
530 verbose stack     at maybeClose (internal/child_process.js:821:16)
530 verbose stack     at Process.ChildProcess._handle.onexit (internal/child_process.js:211:5)
531 verbose pkgid studymate@1.0.0
532 verbose cwd /Users/eleanordemis/GitHub/MKS-32/studymate
533 error Darwin 15.0.0
534 error argv "/usr/local/bin/node" "/usr/local/bin/npm" "install"
535 error node v5.5.0
536 error npm  v3.3.12
537 error code ELIFECYCLE
538 error studymate@1.0.0 postinstall: `npm install bower -g && bower cache clean && bower install`
538 error Exit status 243
539 error Failed at the studymate@1.0.0 postinstall script 'npm install bower -g && bower cache clean && bower install'.
539 error Make sure you have the latest version of node.js and npm installed.
539 error If you do, this is most likely a problem with the studymate package,
539 error not with npm itself.
539 error Tell the author that this fails on your system:
539 error     npm install bower -g && bower cache clean && bower install
539 error You can get their info via:
539 error     npm owner ls studymate
539 error There is likely additional logging output above.
540 verbose exit [ 1, true ]
